2024-09-19 20:55:58,769 [INFO] Activator:176 - 


2024-09-19 20:55:58,772 [INFO] Activator:177 - !SESSION log4j initialized
2024-09-19 20:56:01,978 [INFO] LogOutputStream:77 - [STDOUT_REDIRECT] 
2024-09-19 20:56:02,798 [INFO] ApplicationProperties:184 - Using Application install path: /home/artyom/st/stm32cubeide_1.16.0_2/plugins/com.st.stm32cube.common.mx_6.12.0.202406281431
2024-09-19 20:56:02,811 [INFO] DbMcusXml:78 - Set database path to: /home/artyom/st/stm32cubeide_1.16.0_2/plugins/com.st.stm32cube.common.mx_6.12.0.202406281431//db//mcu/
2024-09-19 20:56:02,812 [INFO] ApiDb:274 - Set plugin database path to: /home/artyom/st/stm32cubeide_1.16.0_2/plugins/com.st.stm32cube.common.mx_6.12.0.202406281431//db//plugins/boardmanager/
2024-09-19 20:56:02,812 [WARN] ApiDb:259 - Overriding images path with different value:  => /home/artyom/st/stm32cubeide_1.16.0_2/plugins/com.st.stm32cube.common.mx_6.12.0.202406281431//db//plugins/mcufinder/images/
2024-09-19 20:56:02,815 [INFO] ApiDb:250 - Set database path to: /home/artyom/.stmcufinder/plugins/mcufinder//mcu/
2024-09-19 20:56:02,816 [INFO] DbMcusAds:125 - Set database path to: /home/artyom/.stmcufinder/plugins/mcufinder//mcu/
2024-09-19 20:56:02,817 [INFO] CrossReferenceDbSqlite:203 - Set database path to: /home/artyom/.stmcufinder/plugins/mcufinder//mcu/cs/
2024-09-19 20:56:02,892 [INFO] RulesReader:64 - Compatibility file has been processed (297 Rules)
2024-09-19 20:56:02,932 [INFO] DbMcusXml:78 - Set database path to: /home/artyom/st/stm32cubeide_1.16.0_2/plugins/com.st.stm32cube.common.mx_6.12.0.202406281431//db//mcu/
2024-09-19 20:56:02,932 [INFO] ApiDb:274 - Set plugin database path to: /home/artyom/st/stm32cubeide_1.16.0_2/plugins/com.st.stm32cube.common.mx_6.12.0.202406281431//db//plugins/boardmanager/
2024-09-19 20:56:02,932 [INFO] ApiDb:261 - Set plugin images path to: /home/artyom/st/stm32cubeide_1.16.0_2/plugins/com.st.stm32cube.common.mx_6.12.0.202406281431//db//plugins/mcufinder/images/
2024-09-19 20:56:02,933 [WARN] DbFile:41 - Overriding database path with different value: /home/artyom/.stmcufinder/plugins/mcufinder/ => /home/artyom/.stmcufinder/plugins/mcufinder
2024-09-19 20:56:02,933 [INFO] ApiDb:250 - Set database path to: /home/artyom/.stmcufinder/plugins/mcufinder//mcu/
2024-09-19 20:56:02,933 [WARN] DbFile:41 - Overriding database path with different value: /home/artyom/.stmcufinder/plugins/mcufinder/ => /home/artyom/.stmcufinder/plugins/mcufinder
2024-09-19 20:56:02,933 [INFO] DbMcusAds:125 - Set database path to: /home/artyom/.stmcufinder/plugins/mcufinder//mcu/
2024-09-19 20:56:02,933 [WARN] DbFile:41 - Overriding database path with different value: /home/artyom/.stmcufinder/plugins/mcufinder/ => /home/artyom/.stmcufinder/plugins/mcufinder
2024-09-19 20:56:02,933 [WARN] DbFile:41 - Overriding database path with different value: /home/artyom/.stmcufinder/plugins/mcufinder/ => /home/artyom/.stmcufinder/plugins/mcufinder
2024-09-19 20:56:02,933 [INFO] CrossReferenceDbSqlite:203 - Set database path to: /home/artyom/.stmcufinder/plugins/mcufinder//mcu/cs/
2024-09-19 20:56:02,985 [INFO] MainPanel:268 - HeapMemory: 268435456
2024-09-19 20:56:03,088 [INFO] DbMcusXml:78 - Set database path to: /home/artyom/st/stm32cubeide_1.16.0_2/plugins/com.st.stm32cube.common.mx_6.12.0.202406281431//db//mcu/
2024-09-19 20:56:03,089 [INFO] ApiDb:274 - Set plugin database path to: /home/artyom/st/stm32cubeide_1.16.0_2/plugins/com.st.stm32cube.common.mx_6.12.0.202406281431//db//plugins/boardmanager/
2024-09-19 20:56:03,089 [INFO] ApiDb:261 - Set plugin images path to: /home/artyom/st/stm32cubeide_1.16.0_2/plugins/com.st.stm32cube.common.mx_6.12.0.202406281431//db//plugins/mcufinder/images/
2024-09-19 20:56:03,089 [WARN] DbFile:41 - Overriding database path with different value: /home/artyom/.stmcufinder/plugins/mcufinder/ => /home/artyom/.stmcufinder/plugins/mcufinder
2024-09-19 20:56:03,089 [INFO] ApiDb:250 - Set database path to: /home/artyom/.stmcufinder/plugins/mcufinder//mcu/
2024-09-19 20:56:03,089 [WARN] DbFile:41 - Overriding database path with different value: /home/artyom/.stmcufinder/plugins/mcufinder/ => /home/artyom/.stmcufinder/plugins/mcufinder
2024-09-19 20:56:03,089 [INFO] DbMcusAds:125 - Set database path to: /home/artyom/.stmcufinder/plugins/mcufinder//mcu/
2024-09-19 20:56:03,089 [WARN] DbFile:41 - Overriding database path with different value: /home/artyom/.stmcufinder/plugins/mcufinder/ => /home/artyom/.stmcufinder/plugins/mcufinder
2024-09-19 20:56:03,089 [WARN] DbFile:41 - Overriding database path with different value: /home/artyom/.stmcufinder/plugins/mcufinder/ => /home/artyom/.stmcufinder/plugins/mcufinder
2024-09-19 20:56:03,089 [INFO] CrossReferenceDbSqlite:203 - Set database path to: /home/artyom/.stmcufinder/plugins/mcufinder//mcu/cs/
2024-09-19 20:56:03,099 [INFO] ApplicationProperties:184 - Using Application install path: /home/artyom/st/stm32cubeide_1.16.0_2/plugins/com.st.stm32cube.common.mx_6.12.0.202406281431
2024-09-19 20:56:03,100 [INFO] PluginManage:196 - Search for loadable plugins [exclusion list=, ]
2024-09-19 20:56:03,101 [INFO] PluginManage:310 - Check plugin analytics
2024-09-19 20:56:03,209 [INFO] AnalyticsPlugin:253 - Accepted Software Licenses: 
2024-09-19 20:56:03,209 [INFO] AnalyticsPlugin:255 - Accepted CMSIS Pack Licenses: 
2024-09-19 20:56:03,210 [INFO] AnalyticsPlugin:257 - Accepted Firmware Licenses: 
2024-09-19 20:56:03,211 [INFO] PluginManage:359 - Loaded plugin analytics (category:tool,tabindex:-1)
2024-09-19 20:56:03,211 [INFO] PluginManage:310 - Check plugin cadmodel
2024-09-19 20:56:03,214 [INFO] CADModel:105 - Init CAD model plugin
2024-09-19 20:56:03,214 [INFO] PluginManage:359 - Loaded plugin cadmodel (category:power,tabindex:5)
2024-09-19 20:56:03,214 [INFO] PluginManage:310 - Check plugin clock
2024-09-19 20:56:03,220 [INFO] PluginManage:359 - Loaded plugin clock (category:base,tabindex:2)
2024-09-19 20:56:03,220 [INFO] PluginManage:310 - Check plugin ddr
2024-09-19 20:56:03,221 [INFO] PluginManage:359 - Loaded plugin ddr (category:tool,tabindex:6)
2024-09-19 20:56:03,221 [INFO] PluginManage:310 - Check plugin filemanager
2024-09-19 20:56:03,320 [INFO] PluginManage:359 - Loaded plugin filemanager (category:base,tabindex:10)
2024-09-19 20:56:03,320 [INFO] PluginManage:310 - Check plugin ipmanager
2024-09-19 20:56:03,324 [INFO] PluginManage:359 - Loaded plugin ipmanager (category:base,tabindex:5)
2024-09-19 20:56:03,324 [INFO] PluginManage:310 - Check plugin lpbam
2024-09-19 20:56:03,329 [INFO] PluginManage:359 - Loaded plugin lpbam (category:base,tabindex:0)
2024-09-19 20:56:03,330 [INFO] PluginManage:310 - Check plugin memorymap
2024-09-19 20:56:03,337 [INFO] PluginManage:359 - Loaded plugin memorymap (category:base,tabindex:4)
2024-09-19 20:56:03,337 [INFO] PluginManage:310 - Check plugin pinoutandconfiguration
2024-09-19 20:56:03,341 [INFO] PluginManage:359 - Loaded plugin pinoutandconfiguration (category:base,tabindex:1)
2024-09-19 20:56:03,342 [INFO] PluginManage:310 - Check plugin pinoutconfig
2024-09-19 20:56:03,400 [WARN] SupportedApi:132 - Cannot load RTOS API schema: s4s-elt-must-match.1: The content of 'definitions' must match (annotation?, (simpleType | complexType)?, (unique | key | keyref)*)). A problem was found starting at: attribute.
2024-09-19 20:56:03,494 [INFO] PluginManage:359 - Loaded plugin pinoutconfig (category:base,tabindex:0)
2024-09-19 20:56:03,494 [INFO] PluginManage:310 - Check plugin power
2024-09-19 20:56:03,501 [INFO] PluginManage:359 - Loaded plugin power (category:power,tabindex:4)
2024-09-19 20:56:03,501 [INFO] PluginManage:310 - Check plugin projectmanager
2024-09-19 20:56:03,511 [INFO] PluginManage:359 - Loaded plugin projectmanager (category:projectmanager,tabindex:4)
2024-09-19 20:56:03,512 [INFO] PluginManage:310 - Check plugin rif
2024-09-19 20:56:03,515 [INFO] PluginManage:359 - Loaded plugin rif (category:base,tabindex:3)
2024-09-19 20:56:03,515 [INFO] PluginManage:310 - Check plugin thirdparty
2024-09-19 20:56:03,589 [INFO] PluginManage:359 - Loaded plugin thirdparty (category:base,tabindex:-1)
2024-09-19 20:56:03,589 [WARN] IntegrityCheckThread:84 - waiting for thirdparty lock release [integrity check]
2024-09-19 20:56:03,590 [INFO] PluginManage:310 - Check plugin tools
2024-09-19 20:56:03,590 [INFO] IntegrityCheckThread:86 - entering critical section [integrity check]
2024-09-19 20:56:03,590 [INFO] ThirdPartyUpdaterWithRetryManager:70 - Updater plugin not ready yet. [1/15]
2024-09-19 20:56:03,591 [INFO] PluginManage:359 - Loaded plugin tools (category:base,tabindex:7)
2024-09-19 20:56:03,591 [INFO] PluginManage:310 - Check plugin tutovideos
2024-09-19 20:56:03,708 [INFO] PluginManage:359 - Loaded plugin tutovideos (category:base,tabindex:-1)
2024-09-19 20:56:03,708 [INFO] PluginManage:310 - Check plugin updater
2024-09-19 20:56:03,722 [INFO] PluginManage:359 - Loaded plugin updater (category:base,tabindex:12)
2024-09-19 20:56:03,722 [INFO] PluginManage:310 - Check plugin userauth
2024-09-19 20:56:03,726 [INFO] UserAuth:113 - Init User Auth plugin
2024-09-19 20:56:03,726 [INFO] PluginManage:359 - Loaded plugin userauth (category:base,tabindex:14)
2024-09-19 20:56:03,726 [INFO] PluginManage:283 - PluginManage : Loaded plugins [18]
2024-09-19 20:56:03,841 [INFO] PinOutPanel:1561 - setPackage(No Configuration,No Configuration)
2024-09-19 20:56:03,887 [INFO] CADModel:165 - CPN selected for project level
2024-09-19 20:56:03,887 [INFO] CADModel:114 - Register for checkConnection events
2024-09-19 20:56:03,893 [INFO] IPUIPlugin:80 - create IPUIPlugin
2024-09-19 20:56:03,893 [INFO] PluginManager:220 - loadIPPluginJar : add comp
2024-09-19 20:56:03,895 [INFO] IPUIPlugin:80 - create IPUIPlugin
2024-09-19 20:56:03,896 [INFO] PluginManager:220 - loadIPPluginJar : add gic
2024-09-19 20:56:03,898 [INFO] IPUIPlugin:80 - create IPUIPlugin
2024-09-19 20:56:03,898 [INFO] PluginManager:220 - loadIPPluginJar : add i2s
2024-09-19 20:56:03,902 [INFO] IPUIPlugin:80 - create IPUIPlugin
2024-09-19 20:56:03,903 [INFO] PluginManager:220 - loadIPPluginJar : add stm32_wpan
2024-09-19 20:56:03,904 [INFO] IPUIPlugin:80 - create IPUIPlugin
2024-09-19 20:56:03,904 [INFO] PluginManager:220 - loadIPPluginJar : add can
2024-09-19 20:56:03,905 [INFO] IPUIPlugin:80 - create IPUIPlugin
2024-09-19 20:56:03,905 [INFO] PluginManager:220 - loadIPPluginJar : add ddr_ctrl_phy
2024-09-19 20:56:03,906 [INFO] IPUIPlugin:80 - create IPUIPlugin
2024-09-19 20:56:03,906 [INFO] PluginManager:220 - loadIPPluginJar : add tsc
2024-09-19 20:56:03,908 [INFO] IPUIPlugin:80 - create IPUIPlugin
2024-09-19 20:56:03,908 [INFO] PluginManager:220 - loadIPPluginJar : add nvic
2024-09-19 20:56:03,909 [INFO] IPUIPlugin:80 - create IPUIPlugin
2024-09-19 20:56:03,909 [INFO] PluginManager:220 - loadIPPluginJar : add fatfs
2024-09-19 20:56:03,911 [INFO] IPUIPlugin:80 - create IPUIPlugin
2024-09-19 20:56:03,911 [INFO] PluginManager:220 - loadIPPluginJar : add resmgrutility
2024-09-19 20:56:03,913 [INFO] IPUIPlugin:80 - create IPUIPlugin
2024-09-19 20:56:03,913 [INFO] PluginManager:220 - loadIPPluginJar : add openamp
2024-09-19 20:56:03,913 [INFO] IPUIPlugin:80 - create IPUIPlugin
2024-09-19 20:56:03,914 [INFO] PluginManager:220 - loadIPPluginJar : add genericplugin
2024-09-19 20:56:03,918 [INFO] IPUIPlugin:80 - create IPUIPlugin
2024-09-19 20:56:03,918 [INFO] PluginManager:220 - loadIPPluginJar : add mdma
2024-09-19 20:56:03,919 [INFO] IPUIPlugin:80 - create IPUIPlugin
2024-09-19 20:56:03,919 [INFO] PluginManager:220 - loadIPPluginJar : add gfxmmu
2024-09-19 20:56:03,920 [INFO] IPUIPlugin:80 - create IPUIPlugin
2024-09-19 20:56:03,920 [INFO] PluginManager:220 - loadIPPluginJar : add extmemmanager
2024-09-19 20:56:03,922 [INFO] IPUIPlugin:80 - create IPUIPlugin
2024-09-19 20:56:03,922 [INFO] PluginManager:220 - loadIPPluginJar : add sai
2024-09-19 20:56:03,925 [INFO] IPUIPlugin:80 - create IPUIPlugin
2024-09-19 20:56:03,926 [INFO] PluginManager:220 - loadIPPluginJar : add freertos
2024-09-19 20:56:03,927 [INFO] IPUIPlugin:80 - create IPUIPlugin
2024-09-19 20:56:03,927 [INFO] PluginManager:220 - loadIPPluginJar : add cryp
2024-09-19 20:56:03,928 [INFO] IPUIPlugin:80 - create IPUIPlugin
2024-09-19 20:56:03,928 [INFO] PluginManager:220 - loadIPPluginJar : add touchsensing
2024-09-19 20:56:03,929 [INFO] IPUIPlugin:80 - create IPUIPlugin
2024-09-19 20:56:03,929 [INFO] PluginManager:220 - loadIPPluginJar : add tracer_emb
2024-09-19 20:56:03,930 [INFO] IPUIPlugin:80 - create IPUIPlugin
2024-09-19 20:56:03,931 [INFO] PluginManager:220 - loadIPPluginJar : add lorawan
2024-09-19 20:56:03,934 [INFO] IPUIPlugin:80 - create IPUIPlugin
2024-09-19 20:56:03,934 [INFO] PluginManager:220 - loadIPPluginJar : add dma
2024-09-19 20:56:03,935 [INFO] IPUIPlugin:80 - create IPUIPlugin
2024-09-19 20:56:03,935 [INFO] PluginManager:220 - loadIPPluginJar : add hash
2024-09-19 20:56:03,938 [INFO] IPUIPlugin:80 - create IPUIPlugin
2024-09-19 20:56:03,938 [INFO] PluginManager:220 - loadIPPluginJar : add gpio
2024-09-19 20:56:03,939 [INFO] IPUIPlugin:80 - create IPUIPlugin
2024-09-19 20:56:03,939 [INFO] PluginManager:220 - loadIPPluginJar : add ucpd
2024-09-19 20:56:03,940 [INFO] IPUIPlugin:80 - create IPUIPlugin
2024-09-19 20:56:03,940 [INFO] PluginManager:220 - loadIPPluginJar : add quadspi
2024-09-19 20:56:03,941 [INFO] IPUIPlugin:80 - create IPUIPlugin
2024-09-19 20:56:03,941 [INFO] PluginManager:220 - loadIPPluginJar : add ts
2024-09-19 20:56:03,942 [INFO] IPUIPlugin:80 - create IPUIPlugin
2024-09-19 20:56:03,942 [INFO] PluginManager:220 - loadIPPluginJar : add radio
2024-09-19 20:56:03,944 [INFO] IPUIPlugin:80 - create IPUIPlugin
2024-09-19 20:56:03,944 [INFO] PluginManager:220 - loadIPPluginJar : add fmc
2024-09-19 20:56:03,946 [INFO] IPUIPlugin:80 - create IPUIPlugin
2024-09-19 20:56:03,946 [INFO] PluginManager:220 - loadIPPluginJar : add usbx
2024-09-19 20:56:03,949 [INFO] IPUIPlugin:80 - create IPUIPlugin
2024-09-19 20:56:03,949 [INFO] PluginManager:220 - loadIPPluginJar : add adc
2024-09-19 20:56:03,950 [INFO] IPUIPlugin:80 - create IPUIPlugin
2024-09-19 20:56:03,950 [INFO] PluginManager:220 - loadIPPluginJar : add dma3
2024-09-19 20:56:03,952 [INFO] IPUIPlugin:80 - create IPUIPlugin
2024-09-19 20:56:03,952 [INFO] PluginManager:220 - loadIPPluginJar : add gtzc
2024-09-19 20:56:03,953 [INFO] IPUIPlugin:80 - create IPUIPlugin
2024-09-19 20:56:03,953 [INFO] PluginManager:220 - loadIPPluginJar : add usart
2024-09-19 20:56:03,954 [INFO] IPUIPlugin:80 - create IPUIPlugin
2024-09-19 20:56:03,954 [INFO] PluginManager:220 - loadIPPluginJar : add spi
2024-09-19 20:56:03,955 [INFO] IPUIPlugin:80 - create IPUIPlugin
2024-09-19 20:56:03,955 [INFO] PluginManager:220 - loadIPPluginJar : add i3c
2024-09-19 20:56:03,956 [INFO] IPUIPlugin:80 - create IPUIPlugin
2024-09-19 20:56:03,956 [INFO] PluginManager:220 - loadIPPluginJar : add ltdc
2024-09-19 20:56:03,957 [INFO] IPUIPlugin:80 - create IPUIPlugin
2024-09-19 20:56:03,957 [INFO] PluginManager:220 - loadIPPluginJar : add i2c
2024-09-19 20:56:03,958 [INFO] IPUIPlugin:80 - create IPUIPlugin
2024-09-19 20:56:03,958 [INFO] PluginManager:220 - loadIPPluginJar : add dfsdm
2024-09-19 20:56:03,959 [INFO] IPUIPlugin:80 - create IPUIPlugin
2024-09-19 20:56:03,959 [INFO] PluginManager:220 - loadIPPluginJar : add pdm2pcm
2024-09-19 20:56:03,961 [INFO] IPUIPlugin:80 - create IPUIPlugin
2024-09-19 20:56:03,961 [INFO] PluginManager:220 - loadIPPluginJar : add ipddr
2024-09-19 20:56:03,963 [INFO] IPUIPlugin:80 - create IPUIPlugin
2024-09-19 20:56:03,963 [INFO] PluginManager:220 - loadIPPluginJar : add aes
2024-09-19 20:56:03,964 [INFO] IPUIPlugin:80 - create IPUIPlugin
2024-09-19 20:56:03,964 [INFO] PluginManager:220 - loadIPPluginJar : add tim
2024-09-19 20:56:03,967 [INFO] IPUIPlugin:80 - create IPUIPlugin
2024-09-19 20:56:03,969 [INFO] PluginManager:220 - loadIPPluginJar : add plateformsettings
2024-09-19 20:56:03,973 [INFO] IPUIPlugin:80 - create IPUIPlugin
2024-09-19 20:56:03,973 [INFO] PluginManager:220 - loadIPPluginJar : add linkedlist
2024-09-19 20:56:03,974 [INFO] IPUIPlugin:80 - create IPUIPlugin
2024-09-19 20:56:03,974 [INFO] PluginManager:220 - loadIPPluginJar : add opamp
2024-09-19 20:56:04,062 [INFO] CADModel:165 - CPN selected for project level
2024-09-19 20:56:04,063 [INFO] CADModel:114 - Register for checkConnection events
2024-09-19 20:56:04,063 [FATAL] Updater:334 - Updater called before beeing initialized
2024-09-19 20:56:04,063 [ERROR] CADModel:125 - Updater not yet initialized, retry later 
2024-09-19 20:56:04,147 [INFO] CADModel:165 - CPN selected for project level
2024-09-19 20:56:04,147 [INFO] CADModel:114 - Register for checkConnection events
2024-09-19 20:56:04,147 [FATAL] Updater:334 - Updater called before beeing initialized
2024-09-19 20:56:04,147 [ERROR] CADModel:125 - Updater not yet initialized, retry later 
2024-09-19 20:56:04,150 [FATAL] Updater:334 - Updater called before beeing initialized
2024-09-19 20:56:04,201 [FATAL] Updater:334 - Updater called before beeing initialized
2024-09-19 20:56:04,204 [INFO] DbMcusAds:53 - JSON generation date=Thu May 16 12:22:00 IDT 2024 (1715851320667)
2024-09-19 20:56:04,204 [FATAL] Updater:334 - Updater called before beeing initialized
2024-09-19 20:56:04,228 [WARN] DetailPanel:346 - Failed to get advertising image, set to default
2024-09-19 20:56:04,287 [FATAL] Updater:334 - Updater called before beeing initialized
2024-09-19 20:56:04,289 [FATAL] Updater:334 - Updater called before beeing initialized
2024-09-19 20:56:04,289 [FATAL] Updater:334 - Updater called before beeing initialized
2024-09-19 20:56:04,289 [WARN] DetailPanel:346 - Failed to get advertising image, set to default
2024-09-19 20:56:04,290 [FATAL] Updater:334 - Updater called before beeing initialized
2024-09-19 20:56:04,309 [ERROR] Updater:1164 - MainUpdater not yet initialized. External WinMGr cannot be set.
2024-09-19 20:56:04,310 [INFO] Updater:1100 - Updater Version found : 6.12.0
2024-09-19 20:56:04,323 [INFO] ApplicationProperties:184 - Using Application install path: /home/artyom/st/stm32cubeide_1.16.0_2/plugins/com.st.stm32cube.common.mx_6.12.0.202406281431
2024-09-19 20:56:04,731 [INFO] MainUpdater:2873 - connection check result : 10
2024-09-19 20:56:04,731 [INFO] MainUpdater:3567 - Updater definition file requires update
2024-09-19 20:56:04,732 [INFO] MainUpdater:290 - Updater Check For Update Now.
2024-09-19 20:56:04,732 [INFO] MicroXplorer:498 - Change Database Version : DB.6.0.120
2024-09-19 20:56:04,742 [INFO] McuFinderGlobals:63 - Set McuFinder mode to 2 (CubeIDE integrated)
2024-09-19 20:56:04,742 [INFO] UserAuth:179 - activating auth plugin
2024-09-19 20:56:04,754 [INFO] UserAuth:417 - Internet connection configuration mode: 1
2024-09-19 20:56:04,762 [INFO] JxBrowserEngine:152 - Initiate JxBrowser Engine with user profile folder
2024-09-19 20:56:05,013 [INFO] ServerAccessManage:473 - Download File updaters.zip
2024-09-19 20:56:05,051 [INFO] FileExtend:240 - Unzip File : updaters.zip
2024-09-19 20:56:05,051 [INFO] FileExtend:255 - Standard Zip Deflate
2024-09-19 20:56:05,344 [INFO] ServerAccessManage:473 - Download File PacksControlFlags.xml
2024-09-19 20:56:05,361 [INFO] WebApp:167 - Instantiating new browser for Auth
2024-09-19 20:56:05,595 [INFO] ServerAccessManage:473 - Download File cubemx.pidx
2024-09-19 20:56:05,951 [INFO] WebApp:448 - Apply proxy settings
2024-09-19 20:56:05,952 [INFO] WebApp:533 - Chromium requires no authentication
2024-09-19 20:56:05,956 [INFO] WebApp:476 - Direct internet connection detected
2024-09-19 20:56:05,966 [INFO] WebApp:869 - Register for checkConnection events
2024-09-19 20:56:05,966 [INFO] WebApp:448 - Apply proxy settings
2024-09-19 20:56:05,966 [INFO] WebApp:533 - Chromium requires no authentication
2024-09-19 20:56:05,966 [INFO] WebApp:476 - Direct internet connection detected
2024-09-19 20:56:06,052 [INFO] WebApp:220 - Starting web application
2024-09-19 20:56:06,053 [INFO] WebApp:578 - Web application path used /home/artyom/st/stm32cubeide_1.16.0_2/plugins/com.st.stm32cube.common.mx_6.12.0.202406281431/db/plugins/mcufinder/reactClient1/index.html
2024-09-19 20:56:06,102 [INFO] ServerAccessManage:473 - Download File STMicroelectronics.X-CUBE-ISPU.pdsc
2024-09-19 20:56:06,576 [INFO] WebApp:186 - Connection restablished
2024-09-19 20:56:06,590 [WARN] MainUpdater:1194 - Updater busy. Cannot search thirdparties
2024-09-19 20:56:06,590 [INFO] ThirdPartyUpdaterWithRetryManager:96 - Updater plugin is busy. [1/15]
2024-09-19 20:56:07,272 [WARN] PackLoader:240 - Cannot read IP mode file for STMicroelectronics.X-CUBE-ISPU.2.1.0
2024-09-19 20:56:07,274 [INFO] PopulateThirdPartyThread:66 - Ending populate Thread
2024-09-19 20:56:07,275 [INFO] ThirdParty:1030 - CMSIS Pack Vendor :STMicroelectronics X-CUBE-ISPU 2.1.0
2024-09-19 20:56:07,275 [INFO] LoadServerUpdatesThread:375 - End of LoadServerUpdate Thread
2024-09-19 20:56:07,396 [INFO] CheckServerUpdateThread:120 - End of CheckServer Thread
2024-09-19 20:56:09,681 [WARN] PackLoader:240 - Cannot read IP mode file for STMicroelectronics.FP-SNS-MOTENVWB1.1.4.0
2024-09-19 20:56:09,684 [WARN] PackLoader:240 - Cannot read IP mode file for STMicroelectronics.X-CUBE-SMBUS.2.1.0
2024-09-19 20:56:09,703 [WARN] PackLoader:240 - Cannot read IP mode file for STMicroelectronics.X-CUBE-AZRTOS-F7.1.1.0
2024-09-19 20:56:09,746 [WARN] PackLoader:240 - Cannot read IP mode file for STMicroelectronics.X-CUBE-MEMS1.11.0.0
2024-09-19 20:56:09,838 [WARN] PackLoader:240 - Cannot read IP mode file for STMicroelectronics.FP-SNS-FLIGHT1.5.0.2
2024-09-19 20:56:09,842 [WARN] PackLoader:240 - Cannot read IP mode file for STMicroelectronics.X-CUBE-DISPLAY.3.0.0
2024-09-19 20:56:09,846 [WARN] PackLoader:240 - Cannot read IP mode file for STMicroelectronics.X-CUBE-BLE1.7.0.0
2024-09-19 20:56:09,848 [WARN] PackLoader:240 - Cannot read IP mode file for emotas.I-CUBE-CANOPEN.1.3.0
2024-09-19 20:56:09,853 [WARN] PackLoader:240 - Cannot read IP mode file for STMicroelectronics.X-CUBE-BLEMGR.3.1.0
2024-09-19 20:56:09,856 [WARN] PackLoader:240 - Cannot read IP mode file for STMicroelectronics.FP-SNS-SMARTAG2.1.2.0
2024-09-19 20:56:09,861 [INFO] LogOutputStream:77 - [STDOUT_REDIRECT] 1 : Invalid condition id : UX_CORESTACK_Condition cause : null
2024-09-19 20:56:09,861 [INFO] LogOutputStream:77 - [STDOUT_REDIRECT] 1 : Invalid condition id : UX_CORESTACK_Condition cause : null
2024-09-19 20:56:09,861 [INFO] LogOutputStream:77 - [STDOUT_REDIRECT] 1 : Invalid condition id : UX_CORESTACK_Condition cause : null
2024-09-19 20:56:09,861 [INFO] LogOutputStream:77 - [STDOUT_REDIRECT] 1 : Invalid condition id : UX_CORESTACK_Condition cause : null
2024-09-19 20:56:09,861 [INFO] LogOutputStream:77 - [STDOUT_REDIRECT] 1 : Invalid condition id : UX_CORESTACK_Condition cause : null
2024-09-19 20:56:09,863 [WARN] PackLoader:240 - Cannot read IP mode file for STMicroelectronics.X-CUBE-AZRTOS-WL.2.0.0
2024-09-19 20:56:09,866 [WARN] PackLoader:240 - Cannot read IP mode file for STMicroelectronics.FP-SNS-MOTENV1.5.0.0
2024-09-19 20:56:09,868 [WARN] PackLoader:240 - Cannot read IP mode file for wolfSSL.I-CUBE-wolfMQTT.1.19.0
2024-09-19 20:56:09,870 [WARN] PackLoader:240 - Cannot read IP mode file for WES.I-CUBE-Cesium.1.3.0
2024-09-19 20:56:09,872 [WARN] PackLoader:240 - Cannot read IP mode file for STMicroelectronics.X-CUBE-BLE2.3.3.0
2024-09-19 20:56:09,874 [WARN] PackLoader:240 - Cannot read IP mode file for STMicroelectronics.X-CUBE-TCPP.4.1.0
2024-09-19 20:56:09,883 [WARN] PackLoader:240 - Cannot read IP mode file for STMicroelectronics.X-CUBE-AZRTOS-G0.1.1.0
2024-09-19 20:56:09,887 [WARN] PackLoader:240 - Cannot read IP mode file for STMicroelectronics.X-CUBE-SAFEA1.1.2.2
2024-09-19 20:56:09,890 [WARN] PackLoader:240 - Cannot read IP mode file for STMicroelectronics.X-CUBE-NFC4.3.0.0
2024-09-19 20:56:09,894 [WARN] PackLoader:240 - Cannot read IP mode file for EmbeddedOffice.I-CUBE-FS-RTOS.1.0.1
2024-09-19 20:56:09,895 [ERROR] ConditionMgr:805 - Attr not supported : Dmpu
2024-09-19 20:56:09,895 [ERROR] ConditionMgr:805 - Attr not supported : Dmpu
2024-09-19 20:56:09,895 [ERROR] ConditionMgr:805 - Attr not supported : Dmpu
2024-09-19 20:56:09,895 [ERROR] ConditionMgr:805 - Attr not supported : Dmpu
2024-09-19 20:56:09,895 [ERROR] ConditionMgr:805 - Attr not supported : Dmpu
2024-09-19 20:56:09,895 [ERROR] ConditionMgr:805 - Attr not supported : Dmpu
2024-09-19 20:56:09,895 [ERROR] ConditionMgr:805 - Attr not supported : Dmpu
2024-09-19 20:56:09,895 [ERROR] ConditionMgr:805 - Attr not supported : Dmpu
2024-09-19 20:56:09,895 [ERROR] ConditionMgr:805 - Attr not supported : Dmpu
2024-09-19 20:56:09,895 [ERROR] ConditionMgr:805 - Attr not supported : Dmpu
2024-09-19 20:56:09,895 [ERROR] ConditionMgr:805 - Attr not supported : Dmpu
2024-09-19 20:56:09,895 [ERROR] ConditionMgr:805 - Attr not supported : Dmpu
2024-09-19 20:56:09,895 [ERROR] ConditionMgr:805 - Attr not supported : Dmpu
2024-09-19 20:56:09,895 [ERROR] ConditionMgr:805 - Attr not supported : Dmpu
2024-09-19 20:56:09,895 [ERROR] ConditionMgr:805 - Attr not supported : Dmpu
2024-09-19 20:56:09,895 [ERROR] ConditionMgr:805 - Attr not supported : Dmpu
2024-09-19 20:56:09,895 [ERROR] ConditionMgr:805 - Attr not supported : Dmpu
2024-09-19 20:56:09,896 [ERROR] ConditionMgr:805 - Attr not supported : Dmpu
2024-09-19 20:56:09,896 [ERROR] ConditionMgr:805 - Attr not supported : Dmpu
2024-09-19 20:56:09,896 [ERROR] ConditionMgr:805 - Attr not supported : Dmpu
2024-09-19 20:56:09,896 [ERROR] ConditionMgr:805 - Attr not supported : Dmpu
2024-09-19 20:56:09,896 [ERROR] ConditionMgr:805 - Attr not supported : Dmpu
2024-09-19 20:56:09,896 [ERROR] ConditionMgr:805 - Attr not supported : Dmpu
2024-09-19 20:56:09,896 [ERROR] ConditionMgr:805 - Attr not supported : Dmpu
2024-09-19 20:56:09,896 [ERROR] ConditionMgr:805 - Attr not supported : Dmpu
2024-09-19 20:56:09,896 [ERROR] ConditionMgr:805 - Attr not supported : Dmpu
2024-09-19 20:56:09,896 [ERROR] ConditionMgr:805 - Attr not supported : Dmpu
2024-09-19 20:56:09,896 [ERROR] ConditionMgr:805 - Attr not supported : Dmpu
2024-09-19 20:56:09,896 [ERROR] ConditionMgr:805 - Attr not supported : Dmpu
2024-09-19 20:56:09,896 [ERROR] ConditionMgr:805 - Attr not supported : Dmpu
2024-09-19 20:56:09,896 [ERROR] ConditionMgr:805 - Attr not supported : Dmpu
2024-09-19 20:56:09,896 [ERROR] ConditionMgr:805 - Attr not supported : Dmpu
2024-09-19 20:56:09,896 [ERROR] ConditionMgr:805 - Attr not supported : Dmpu
2024-09-19 20:56:09,896 [ERROR] ConditionMgr:805 - Attr not supported : Dmpu
2024-09-19 20:56:09,896 [ERROR] ConditionMgr:805 - Attr not supported : Dmpu
2024-09-19 20:56:09,896 [ERROR] ConditionMgr:805 - Attr not supported : Dmpu
2024-09-19 20:56:09,896 [ERROR] ConditionMgr:805 - Attr not supported : Dmpu
2024-09-19 20:56:09,896 [ERROR] ConditionMgr:805 - Attr not supported : Dmpu
2024-09-19 20:56:09,896 [ERROR] ConditionMgr:805 - Attr not supported : Dmpu
2024-09-19 20:56:09,896 [ERROR] ConditionMgr:805 - Attr not supported : Dmpu
2024-09-19 20:56:09,897 [ERROR] ConditionMgr:805 - Attr not supported : Dmpu
2024-09-19 20:56:09,897 [ERROR] ConditionMgr:805 - Attr not supported : Dmpu
2024-09-19 20:56:09,897 [ERROR] ConditionMgr:805 - Attr not supported : Dmpu
2024-09-19 20:56:09,897 [ERROR] ConditionMgr:805 - Attr not supported : Dmpu
2024-09-19 20:56:09,897 [ERROR] ConditionMgr:805 - Attr not supported : Dmpu
2024-09-19 20:56:09,897 [ERROR] ConditionMgr:805 - Attr not supported : Dmpu
2024-09-19 20:56:09,897 [ERROR] ConditionMgr:805 - Attr not supported : Dmpu
2024-09-19 20:56:09,897 [ERROR] ConditionMgr:805 - Attr not supported : Dmpu
2024-09-19 20:56:09,897 [ERROR] ConditionMgr:805 - Attr not supported : Dmpu
2024-09-19 20:56:09,897 [ERROR] ConditionMgr:805 - Attr not supported : Dmpu
2024-09-19 20:56:09,897 [ERROR] ConditionMgr:805 - Attr not supported : Dmpu
2024-09-19 20:56:09,897 [ERROR] ConditionMgr:805 - Attr not supported : Dmpu
2024-09-19 20:56:09,897 [ERROR] ConditionMgr:805 - Attr not supported : Dmpu
2024-09-19 20:56:09,897 [ERROR] ConditionMgr:805 - Attr not supported : Dmpu
2024-09-19 20:56:09,897 [ERROR] ConditionMgr:805 - Attr not supported : Dmpu
2024-09-19 20:56:09,897 [ERROR] ConditionMgr:805 - Attr not supported : Dmpu
2024-09-19 20:56:09,897 [ERROR] ConditionMgr:805 - Attr not supported : Dmpu
2024-09-19 20:56:09,897 [ERROR] ConditionMgr:805 - Attr not supported : Dmpu
2024-09-19 20:56:09,897 [ERROR] ConditionMgr:805 - Attr not supported : Dmpu
2024-09-19 20:56:09,897 [ERROR] ConditionMgr:805 - Attr not supported : Dmpu
2024-09-19 20:56:09,897 [ERROR] ConditionMgr:805 - Attr not supported : Dmpu
2024-09-19 20:56:09,897 [ERROR] ConditionMgr:805 - Attr not supported : Dmpu
2024-09-19 20:56:09,898 [ERROR] ConditionMgr:805 - Attr not supported : Dmpu
2024-09-19 20:56:09,898 [ERROR] ConditionMgr:805 - Attr not supported : Dmpu
2024-09-19 20:56:09,899 [WARN] PackLoader:240 - Cannot read IP mode file for RealThread.X-CUBE-RT-Thread_Nano.4.1.1
2024-09-19 20:56:09,902 [WARN] PackLoader:240 - Cannot read IP mode file for STMicroelectronics.FP-ATR-SIGFOX1.3.2.0
2024-09-19 20:56:09,903 [WARN] PackLoader:240 - Cannot read IP mode file for wolfSSL.I-CUBE-wolfSSL.5.7.2
2024-09-19 20:56:09,906 [WARN] PackLoader:240 - Cannot read IP mode file for STMicroelectronics.X-CUBE-EEPRMA1.5.1.0
2024-09-19 20:56:09,909 [WARN] PackLoader:240 - Cannot read IP mode file for ITTIA_DB.I-CUBE-ITTIADB.8.9.0
2024-09-19 20:56:09,929 [WARN] PackLoader:240 - Cannot read IP mode file for SEGGER.I-CUBE-embOS.1.3.1
2024-09-19 20:56:09,954 [WARN] PackLoader:240 - Cannot read IP mode file for STMicroelectronics.X-CUBE-ALGOBUILD.1.4.0
2024-09-19 20:56:09,956 [WARN] PackLoader:240 - Cannot read IP mode file for STMicroelectronics.X-CUBE-GNSS1.6.0.0
2024-09-19 20:56:09,964 [WARN] PackLoader:240 - Cannot read IP mode file for STMicroelectronics.X-CUBE-AZRTOS-F4.1.1.0
2024-09-19 20:56:09,967 [WARN] PackLoader:240 - Cannot read IP mode file for STMicroelectronics.X-CUBE-ISPU.2.1.0
2024-09-19 20:56:09,969 [WARN] PackLoader:240 - Cannot read IP mode file for STMicroelectronics.X-CUBE-FREERTOS.1.2.0
2024-09-19 20:56:09,978 [WARN] PackLoader:240 - Cannot read IP mode file for STMicroelectronics.X-CUBE-AZRTOS-L5.2.0.0
2024-09-19 20:56:09,982 [WARN] PackLoader:240 - Cannot read IP mode file for STMicroelectronics.X-CUBE-NFC6.3.1.0
2024-09-19 20:56:09,986 [WARN] PackLoader:240 - Cannot read IP mode file for STMicroelectronics.X-CUBE-DPower.1.2.0
2024-09-19 20:56:09,987 [WARN] PackLoader:240 - Cannot read IP mode file for STMicroelectronics.X-CUBE-AI.9.0.0
2024-09-19 20:56:09,989 [WARN] PackLoader:240 - Cannot read IP mode file for STMicroelectronics.X-CUBE-NFC7.1.0.1
2024-09-19 20:56:09,999 [WARN] ConditionMgr:438 - getConditionDescription Invalid condition id : LAN8742 Phy interface Condition cause : null
2024-09-19 20:56:09,999 [WARN] PackLoader:240 - Cannot read IP mode file for STMicroelectronics.X-CUBE-AZRTOS-L4.2.0.0
2024-09-19 20:56:10,000 [WARN] ConditionMgr:1039 - genDependencies : Invalid condition id : LAN8742 Phy interface Condition cause : null
2024-09-19 20:56:10,000 [WARN] ConditionMgr:1039 - genDependencies : Invalid condition id : LAN8742 Phy interface Condition cause : null
2024-09-19 20:56:10,000 [WARN] ConditionMgr:1039 - genDependencies : Invalid condition id : LAN8742 Phy interface Condition cause : null
2024-09-19 20:56:10,004 [WARN] PackLoader:240 - Cannot read IP mode file for STMicroelectronics.X-CUBE-SFXS2LP1.4.0.0
2024-09-19 20:56:10,016 [WARN] PackLoader:240 - Cannot read IP mode file for STMicroelectronics.X-CUBE-AZRTOS-H7.3.3.0
2024-09-19 20:56:10,024 [WARN] ConditionMgr:438 - getConditionDescription Invalid condition id : UX DEVICE CLASS RTOS Condition cause : null
2024-09-19 20:56:10,024 [WARN] ConditionMgr:438 - getConditionDescription Invalid condition id : UX DEVICE CLASS RTOS Condition cause : null
2024-09-19 20:56:10,025 [WARN] PackLoader:240 - Cannot read IP mode file for STMicroelectronics.X-CUBE-AZRTOS-WB.2.0.0
2024-09-19 20:56:10,026 [WARN] ConditionMgr:1039 - genDependencies : Invalid condition id : UX DEVICE CLASS RTOS Condition cause : null
2024-09-19 20:56:10,026 [WARN] ConditionMgr:1039 - genDependencies : Invalid condition id : UX DEVICE CLASS RTOS Condition cause : null
2024-09-19 20:56:10,026 [WARN] ConditionMgr:1039 - genDependencies : Invalid condition id : UX DEVICE CLASS RTOS Condition cause : null
2024-09-19 20:56:10,026 [WARN] ConditionMgr:1039 - genDependencies : Invalid condition id : UX DEVICE CLASS RTOS Condition cause : null
2024-09-19 20:56:10,026 [WARN] ConditionMgr:1039 - genDependencies : Invalid condition id : UX DEVICE CLASS RTOS Condition cause : null
2024-09-19 20:56:10,029 [WARN] PackLoader:240 - Cannot read IP mode file for STMicroelectronics.X-CUBE-GNSS1.7.0.0
2024-09-19 20:56:10,031 [WARN] PackLoader:240 - Cannot read IP mode file for STMicroelectronics.FP-SNS-STBOX1.2.0.0
2024-09-19 20:56:10,037 [WARN] PackLoader:240 - Cannot read IP mode file for STMicroelectronics.X-CUBE-SUBG2.5.0.0
2024-09-19 20:56:10,041 [WARN] PackLoader:240 - Cannot read IP mode file for Cesanta.I-CUBE-Mongoose.7.13.0
2024-09-19 20:56:10,047 [WARN] PackLoader:240 - Cannot read IP mode file for STMicroelectronics.X-CUBE-AZRTOS-G4.2.0.0
2024-09-19 20:56:10,050 [WARN] PackLoader:240 - Cannot read IP mode file for STMicroelectronics.X-CUBE-ISPU.2.0.0
2024-09-19 20:56:10,052 [WARN] PackLoader:240 - Cannot read IP mode file for STMicroelectronics.X-CUBE-ALS.1.0.2
2024-09-19 20:56:10,053 [WARN] PackLoader:240 - Cannot read IP mode file for STMicroelectronics.X-CUBE-TOUCHGFX.4.24.0
2024-09-19 20:56:10,054 [WARN] PackLoader:240 - Cannot read IP mode file for wolfSSL.I-CUBE-wolfTPM.3.4.0
2024-09-19 20:56:10,056 [WARN] PackLoader:240 - Cannot read IP mode file for portGmbH.I-Cube-SoM-uGOAL.1.1.0
2024-09-19 20:56:10,065 [WARN] PackLoader:240 - Cannot read IP mode file for STMicroelectronics.X-CUBE-AZRTOS-H7RS.1.0.0
2024-09-19 20:56:10,068 [WARN] PackLoader:240 - Cannot read IP mode file for STMicroelectronics.FP-ATR-ASTRA1.2.0.0
2024-09-19 20:56:10,073 [WARN] PackLoader:240 - Cannot read IP mode file for STMicroelectronics.X-CUBE-TOF1.3.4.2
2024-09-19 20:56:10,089 [WARN] PackLoader:240 - Cannot read IP mode file for Infineon.AIROC-Wi-Fi-Bluetooth-STM32.1.6.1
2024-09-19 20:56:10,092 [WARN] PackLoader:240 - Cannot read IP mode file for wolfSSL.I-CUBE-wolfSSH.1.4.17
2024-09-19 20:56:10,093 [INFO] ThirdParty:978 - Integrity check success = true
2024-09-19 20:56:10,093 [INFO] IntegrityCheckThread:100 - exiting critical section [integrity check]
2024-09-19 20:56:10,093 [INFO] IntegrityCheckThread:103 - End integrity checks thread
