2024-09-13 16:38:06,162 [INFO] Activator:176 - 


2024-09-13 16:38:06,165 [INFO] Activator:177 - !SESSION log4j initialized
2024-09-13 16:38:09,364 [INFO] LogOutputStream:77 - [STDOUT_REDIRECT] 
2024-09-13 16:38:09,909 [INFO] ApplicationProperties:184 - Using Application install path: /home/artyom/st/stm32cubeide_1.16.0_2/plugins/com.st.stm32cube.common.mx_6.12.0.202406281431
2024-09-13 16:38:09,923 [INFO] DbMcusXml:78 - Set database path to: /home/artyom/st/stm32cubeide_1.16.0_2/plugins/com.st.stm32cube.common.mx_6.12.0.202406281431//db//mcu/
2024-09-13 16:38:09,923 [INFO] ApiDb:274 - Set plugin database path to: /home/artyom/st/stm32cubeide_1.16.0_2/plugins/com.st.stm32cube.common.mx_6.12.0.202406281431//db//plugins/boardmanager/
2024-09-13 16:38:09,923 [WARN] ApiDb:259 - Overriding images path with different value:  => /home/artyom/st/stm32cubeide_1.16.0_2/plugins/com.st.stm32cube.common.mx_6.12.0.202406281431//db//plugins/mcufinder/images/
2024-09-13 16:38:09,927 [INFO] ApiDb:250 - Set database path to: /home/artyom/.stmcufinder/plugins/mcufinder//mcu/
2024-09-13 16:38:09,928 [INFO] DbMcusAds:125 - Set database path to: /home/artyom/.stmcufinder/plugins/mcufinder//mcu/
2024-09-13 16:38:09,930 [INFO] CrossReferenceDbSqlite:203 - Set database path to: /home/artyom/.stmcufinder/plugins/mcufinder//mcu/cs/
2024-09-13 16:38:10,008 [INFO] RulesReader:64 - Compatibility file has been processed (297 Rules)
2024-09-13 16:38:10,050 [INFO] DbMcusXml:78 - Set database path to: /home/artyom/st/stm32cubeide_1.16.0_2/plugins/com.st.stm32cube.common.mx_6.12.0.202406281431//db//mcu/
2024-09-13 16:38:10,050 [INFO] ApiDb:274 - Set plugin database path to: /home/artyom/st/stm32cubeide_1.16.0_2/plugins/com.st.stm32cube.common.mx_6.12.0.202406281431//db//plugins/boardmanager/
2024-09-13 16:38:10,050 [INFO] ApiDb:261 - Set plugin images path to: /home/artyom/st/stm32cubeide_1.16.0_2/plugins/com.st.stm32cube.common.mx_6.12.0.202406281431//db//plugins/mcufinder/images/
2024-09-13 16:38:10,050 [WARN] DbFile:41 - Overriding database path with different value: /home/artyom/.stmcufinder/plugins/mcufinder/ => /home/artyom/.stmcufinder/plugins/mcufinder
2024-09-13 16:38:10,050 [INFO] ApiDb:250 - Set database path to: /home/artyom/.stmcufinder/plugins/mcufinder//mcu/
2024-09-13 16:38:10,051 [WARN] DbFile:41 - Overriding database path with different value: /home/artyom/.stmcufinder/plugins/mcufinder/ => /home/artyom/.stmcufinder/plugins/mcufinder
2024-09-13 16:38:10,051 [INFO] DbMcusAds:125 - Set database path to: /home/artyom/.stmcufinder/plugins/mcufinder//mcu/
2024-09-13 16:38:10,051 [WARN] DbFile:41 - Overriding database path with different value: /home/artyom/.stmcufinder/plugins/mcufinder/ => /home/artyom/.stmcufinder/plugins/mcufinder
2024-09-13 16:38:10,051 [WARN] DbFile:41 - Overriding database path with different value: /home/artyom/.stmcufinder/plugins/mcufinder/ => /home/artyom/.stmcufinder/plugins/mcufinder
2024-09-13 16:38:10,051 [INFO] CrossReferenceDbSqlite:203 - Set database path to: /home/artyom/.stmcufinder/plugins/mcufinder//mcu/cs/
2024-09-13 16:38:10,103 [INFO] MainPanel:268 - HeapMemory: 268435456
2024-09-13 16:38:10,201 [INFO] DbMcusXml:78 - Set database path to: /home/artyom/st/stm32cubeide_1.16.0_2/plugins/com.st.stm32cube.common.mx_6.12.0.202406281431//db//mcu/
2024-09-13 16:38:10,201 [INFO] ApiDb:274 - Set plugin database path to: /home/artyom/st/stm32cubeide_1.16.0_2/plugins/com.st.stm32cube.common.mx_6.12.0.202406281431//db//plugins/boardmanager/
2024-09-13 16:38:10,201 [INFO] ApiDb:261 - Set plugin images path to: /home/artyom/st/stm32cubeide_1.16.0_2/plugins/com.st.stm32cube.common.mx_6.12.0.202406281431//db//plugins/mcufinder/images/
2024-09-13 16:38:10,201 [WARN] DbFile:41 - Overriding database path with different value: /home/artyom/.stmcufinder/plugins/mcufinder/ => /home/artyom/.stmcufinder/plugins/mcufinder
2024-09-13 16:38:10,201 [INFO] ApiDb:250 - Set database path to: /home/artyom/.stmcufinder/plugins/mcufinder//mcu/
2024-09-13 16:38:10,201 [WARN] DbFile:41 - Overriding database path with different value: /home/artyom/.stmcufinder/plugins/mcufinder/ => /home/artyom/.stmcufinder/plugins/mcufinder
2024-09-13 16:38:10,201 [INFO] DbMcusAds:125 - Set database path to: /home/artyom/.stmcufinder/plugins/mcufinder//mcu/
2024-09-13 16:38:10,201 [WARN] DbFile:41 - Overriding database path with different value: /home/artyom/.stmcufinder/plugins/mcufinder/ => /home/artyom/.stmcufinder/plugins/mcufinder
2024-09-13 16:38:10,202 [WARN] DbFile:41 - Overriding database path with different value: /home/artyom/.stmcufinder/plugins/mcufinder/ => /home/artyom/.stmcufinder/plugins/mcufinder
2024-09-13 16:38:10,202 [INFO] CrossReferenceDbSqlite:203 - Set database path to: /home/artyom/.stmcufinder/plugins/mcufinder//mcu/cs/
2024-09-13 16:38:10,213 [INFO] ApplicationProperties:184 - Using Application install path: /home/artyom/st/stm32cubeide_1.16.0_2/plugins/com.st.stm32cube.common.mx_6.12.0.202406281431
2024-09-13 16:38:10,214 [INFO] PluginManage:196 - Search for loadable plugins [exclusion list=, ]
2024-09-13 16:38:10,214 [INFO] PluginManage:310 - Check plugin analytics
2024-09-13 16:38:10,325 [INFO] AnalyticsPlugin:253 - Accepted Software Licenses: 
2024-09-13 16:38:10,325 [INFO] AnalyticsPlugin:255 - Accepted CMSIS Pack Licenses: 
2024-09-13 16:38:10,325 [INFO] AnalyticsPlugin:257 - Accepted Firmware Licenses: 
2024-09-13 16:38:10,327 [INFO] PluginManage:359 - Loaded plugin analytics (category:tool,tabindex:-1)
2024-09-13 16:38:10,327 [INFO] PluginManage:310 - Check plugin cadmodel
2024-09-13 16:38:10,330 [INFO] CADModel:105 - Init CAD model plugin
2024-09-13 16:38:10,330 [INFO] PluginManage:359 - Loaded plugin cadmodel (category:power,tabindex:5)
2024-09-13 16:38:10,330 [INFO] PluginManage:310 - Check plugin clock
2024-09-13 16:38:10,337 [INFO] PluginManage:359 - Loaded plugin clock (category:base,tabindex:2)
2024-09-13 16:38:10,337 [INFO] PluginManage:310 - Check plugin ddr
2024-09-13 16:38:10,339 [INFO] PluginManage:359 - Loaded plugin ddr (category:tool,tabindex:6)
2024-09-13 16:38:10,339 [INFO] PluginManage:310 - Check plugin filemanager
2024-09-13 16:38:10,442 [INFO] PluginManage:359 - Loaded plugin filemanager (category:base,tabindex:10)
2024-09-13 16:38:10,442 [INFO] PluginManage:310 - Check plugin ipmanager
2024-09-13 16:38:10,445 [INFO] PluginManage:359 - Loaded plugin ipmanager (category:base,tabindex:5)
2024-09-13 16:38:10,446 [INFO] PluginManage:310 - Check plugin lpbam
2024-09-13 16:38:10,451 [INFO] PluginManage:359 - Loaded plugin lpbam (category:base,tabindex:0)
2024-09-13 16:38:10,451 [INFO] PluginManage:310 - Check plugin memorymap
2024-09-13 16:38:10,459 [INFO] PluginManage:359 - Loaded plugin memorymap (category:base,tabindex:4)
2024-09-13 16:38:10,459 [INFO] PluginManage:310 - Check plugin pinoutandconfiguration
2024-09-13 16:38:10,464 [INFO] PluginManage:359 - Loaded plugin pinoutandconfiguration (category:base,tabindex:1)
2024-09-13 16:38:10,464 [INFO] PluginManage:310 - Check plugin pinoutconfig
2024-09-13 16:38:10,516 [WARN] SupportedApi:132 - Cannot load RTOS API schema: s4s-elt-must-match.1: The content of 'definitions' must match (annotation?, (simpleType | complexType)?, (unique | key | keyref)*)). A problem was found starting at: attribute.
2024-09-13 16:38:10,603 [INFO] PluginManage:359 - Loaded plugin pinoutconfig (category:base,tabindex:0)
2024-09-13 16:38:10,603 [INFO] PluginManage:310 - Check plugin power
2024-09-13 16:38:10,611 [INFO] PluginManage:359 - Loaded plugin power (category:power,tabindex:4)
2024-09-13 16:38:10,611 [INFO] PluginManage:310 - Check plugin projectmanager
2024-09-13 16:38:10,623 [INFO] PluginManage:359 - Loaded plugin projectmanager (category:projectmanager,tabindex:4)
2024-09-13 16:38:10,623 [INFO] PluginManage:310 - Check plugin rif
2024-09-13 16:38:10,627 [INFO] PluginManage:359 - Loaded plugin rif (category:base,tabindex:3)
2024-09-13 16:38:10,627 [INFO] PluginManage:310 - Check plugin thirdparty
2024-09-13 16:38:10,700 [INFO] PluginManage:359 - Loaded plugin thirdparty (category:base,tabindex:-1)
2024-09-13 16:38:10,700 [INFO] PluginManage:310 - Check plugin tools
2024-09-13 16:38:10,700 [WARN] IntegrityCheckThread:84 - waiting for thirdparty lock release [integrity check]
2024-09-13 16:38:10,701 [INFO] IntegrityCheckThread:86 - entering critical section [integrity check]
2024-09-13 16:38:10,701 [INFO] ThirdPartyUpdaterWithRetryManager:70 - Updater plugin not ready yet. [1/15]
2024-09-13 16:38:10,702 [INFO] PluginManage:359 - Loaded plugin tools (category:base,tabindex:7)
2024-09-13 16:38:10,702 [INFO] PluginManage:310 - Check plugin tutovideos
2024-09-13 16:38:10,837 [INFO] PluginManage:359 - Loaded plugin tutovideos (category:base,tabindex:-1)
2024-09-13 16:38:10,837 [INFO] PluginManage:310 - Check plugin updater
2024-09-13 16:38:10,849 [INFO] PluginManage:359 - Loaded plugin updater (category:base,tabindex:12)
2024-09-13 16:38:10,849 [INFO] PluginManage:310 - Check plugin userauth
2024-09-13 16:38:10,853 [INFO] UserAuth:113 - Init User Auth plugin
2024-09-13 16:38:10,853 [INFO] PluginManage:359 - Loaded plugin userauth (category:base,tabindex:14)
2024-09-13 16:38:10,853 [INFO] PluginManage:283 - PluginManage : Loaded plugins [18]
2024-09-13 16:38:10,976 [INFO] PinOutPanel:1561 - setPackage(No Configuration,No Configuration)
2024-09-13 16:38:11,027 [INFO] CADModel:165 - CPN selected for project level
2024-09-13 16:38:11,027 [INFO] CADModel:114 - Register for checkConnection events
2024-09-13 16:38:11,033 [INFO] IPUIPlugin:80 - create IPUIPlugin
2024-09-13 16:38:11,033 [INFO] PluginManager:220 - loadIPPluginJar : add comp
2024-09-13 16:38:11,036 [INFO] IPUIPlugin:80 - create IPUIPlugin
2024-09-13 16:38:11,037 [INFO] PluginManager:220 - loadIPPluginJar : add gic
2024-09-13 16:38:11,040 [INFO] IPUIPlugin:80 - create IPUIPlugin
2024-09-13 16:38:11,040 [INFO] PluginManager:220 - loadIPPluginJar : add i2s
2024-09-13 16:38:11,044 [INFO] IPUIPlugin:80 - create IPUIPlugin
2024-09-13 16:38:11,044 [INFO] PluginManager:220 - loadIPPluginJar : add stm32_wpan
2024-09-13 16:38:11,046 [INFO] IPUIPlugin:80 - create IPUIPlugin
2024-09-13 16:38:11,046 [INFO] PluginManager:220 - loadIPPluginJar : add can
2024-09-13 16:38:11,047 [INFO] IPUIPlugin:80 - create IPUIPlugin
2024-09-13 16:38:11,047 [INFO] PluginManager:220 - loadIPPluginJar : add ddr_ctrl_phy
2024-09-13 16:38:11,048 [INFO] IPUIPlugin:80 - create IPUIPlugin
2024-09-13 16:38:11,048 [INFO] PluginManager:220 - loadIPPluginJar : add tsc
2024-09-13 16:38:11,050 [INFO] IPUIPlugin:80 - create IPUIPlugin
2024-09-13 16:38:11,050 [INFO] PluginManager:220 - loadIPPluginJar : add nvic
2024-09-13 16:38:11,051 [INFO] IPUIPlugin:80 - create IPUIPlugin
2024-09-13 16:38:11,051 [INFO] PluginManager:220 - loadIPPluginJar : add fatfs
2024-09-13 16:38:11,053 [INFO] IPUIPlugin:80 - create IPUIPlugin
2024-09-13 16:38:11,053 [INFO] PluginManager:220 - loadIPPluginJar : add resmgrutility
2024-09-13 16:38:11,055 [INFO] IPUIPlugin:80 - create IPUIPlugin
2024-09-13 16:38:11,055 [INFO] PluginManager:220 - loadIPPluginJar : add openamp
2024-09-13 16:38:11,056 [INFO] IPUIPlugin:80 - create IPUIPlugin
2024-09-13 16:38:11,056 [INFO] PluginManager:220 - loadIPPluginJar : add genericplugin
2024-09-13 16:38:11,060 [INFO] IPUIPlugin:80 - create IPUIPlugin
2024-09-13 16:38:11,060 [INFO] PluginManager:220 - loadIPPluginJar : add mdma
2024-09-13 16:38:11,061 [INFO] IPUIPlugin:80 - create IPUIPlugin
2024-09-13 16:38:11,061 [INFO] PluginManager:220 - loadIPPluginJar : add gfxmmu
2024-09-13 16:38:11,063 [INFO] IPUIPlugin:80 - create IPUIPlugin
2024-09-13 16:38:11,063 [INFO] PluginManager:220 - loadIPPluginJar : add extmemmanager
2024-09-13 16:38:11,064 [INFO] IPUIPlugin:80 - create IPUIPlugin
2024-09-13 16:38:11,065 [INFO] PluginManager:220 - loadIPPluginJar : add sai
2024-09-13 16:38:11,068 [INFO] IPUIPlugin:80 - create IPUIPlugin
2024-09-13 16:38:11,068 [INFO] PluginManager:220 - loadIPPluginJar : add freertos
2024-09-13 16:38:11,070 [INFO] IPUIPlugin:80 - create IPUIPlugin
2024-09-13 16:38:11,070 [INFO] PluginManager:220 - loadIPPluginJar : add cryp
2024-09-13 16:38:11,071 [INFO] IPUIPlugin:80 - create IPUIPlugin
2024-09-13 16:38:11,071 [INFO] PluginManager:220 - loadIPPluginJar : add touchsensing
2024-09-13 16:38:11,073 [INFO] IPUIPlugin:80 - create IPUIPlugin
2024-09-13 16:38:11,073 [INFO] PluginManager:220 - loadIPPluginJar : add tracer_emb
2024-09-13 16:38:11,074 [INFO] IPUIPlugin:80 - create IPUIPlugin
2024-09-13 16:38:11,074 [INFO] PluginManager:220 - loadIPPluginJar : add lorawan
2024-09-13 16:38:11,079 [INFO] IPUIPlugin:80 - create IPUIPlugin
2024-09-13 16:38:11,079 [INFO] PluginManager:220 - loadIPPluginJar : add dma
2024-09-13 16:38:11,080 [INFO] IPUIPlugin:80 - create IPUIPlugin
2024-09-13 16:38:11,081 [INFO] PluginManager:220 - loadIPPluginJar : add hash
2024-09-13 16:38:11,083 [INFO] IPUIPlugin:80 - create IPUIPlugin
2024-09-13 16:38:11,084 [INFO] PluginManager:220 - loadIPPluginJar : add gpio
2024-09-13 16:38:11,086 [INFO] IPUIPlugin:80 - create IPUIPlugin
2024-09-13 16:38:11,086 [INFO] PluginManager:220 - loadIPPluginJar : add ucpd
2024-09-13 16:38:11,086 [INFO] IPUIPlugin:80 - create IPUIPlugin
2024-09-13 16:38:11,086 [INFO] PluginManager:220 - loadIPPluginJar : add quadspi
2024-09-13 16:38:11,087 [INFO] IPUIPlugin:80 - create IPUIPlugin
2024-09-13 16:38:11,087 [INFO] PluginManager:220 - loadIPPluginJar : add ts
2024-09-13 16:38:11,088 [INFO] IPUIPlugin:80 - create IPUIPlugin
2024-09-13 16:38:11,088 [INFO] PluginManager:220 - loadIPPluginJar : add radio
2024-09-13 16:38:11,091 [INFO] IPUIPlugin:80 - create IPUIPlugin
2024-09-13 16:38:11,091 [INFO] PluginManager:220 - loadIPPluginJar : add fmc
2024-09-13 16:38:11,092 [INFO] IPUIPlugin:80 - create IPUIPlugin
2024-09-13 16:38:11,093 [INFO] PluginManager:220 - loadIPPluginJar : add usbx
2024-09-13 16:38:11,097 [INFO] IPUIPlugin:80 - create IPUIPlugin
2024-09-13 16:38:11,097 [INFO] PluginManager:220 - loadIPPluginJar : add adc
2024-09-13 16:38:11,098 [INFO] IPUIPlugin:80 - create IPUIPlugin
2024-09-13 16:38:11,098 [INFO] PluginManager:220 - loadIPPluginJar : add dma3
2024-09-13 16:38:11,100 [INFO] IPUIPlugin:80 - create IPUIPlugin
2024-09-13 16:38:11,100 [INFO] PluginManager:220 - loadIPPluginJar : add gtzc
2024-09-13 16:38:11,101 [INFO] IPUIPlugin:80 - create IPUIPlugin
2024-09-13 16:38:11,101 [INFO] PluginManager:220 - loadIPPluginJar : add usart
2024-09-13 16:38:11,102 [INFO] IPUIPlugin:80 - create IPUIPlugin
2024-09-13 16:38:11,102 [INFO] PluginManager:220 - loadIPPluginJar : add spi
2024-09-13 16:38:11,103 [INFO] IPUIPlugin:80 - create IPUIPlugin
2024-09-13 16:38:11,103 [INFO] PluginManager:220 - loadIPPluginJar : add i3c
2024-09-13 16:38:11,104 [INFO] IPUIPlugin:80 - create IPUIPlugin
2024-09-13 16:38:11,104 [INFO] PluginManager:220 - loadIPPluginJar : add ltdc
2024-09-13 16:38:11,105 [INFO] IPUIPlugin:80 - create IPUIPlugin
2024-09-13 16:38:11,105 [INFO] PluginManager:220 - loadIPPluginJar : add i2c
2024-09-13 16:38:11,106 [INFO] IPUIPlugin:80 - create IPUIPlugin
2024-09-13 16:38:11,107 [INFO] PluginManager:220 - loadIPPluginJar : add dfsdm
2024-09-13 16:38:11,108 [INFO] IPUIPlugin:80 - create IPUIPlugin
2024-09-13 16:38:11,108 [INFO] PluginManager:220 - loadIPPluginJar : add pdm2pcm
2024-09-13 16:38:11,110 [INFO] IPUIPlugin:80 - create IPUIPlugin
2024-09-13 16:38:11,110 [INFO] PluginManager:220 - loadIPPluginJar : add ipddr
2024-09-13 16:38:11,111 [INFO] IPUIPlugin:80 - create IPUIPlugin
2024-09-13 16:38:11,111 [INFO] PluginManager:220 - loadIPPluginJar : add aes
2024-09-13 16:38:11,112 [INFO] IPUIPlugin:80 - create IPUIPlugin
2024-09-13 16:38:11,112 [INFO] PluginManager:220 - loadIPPluginJar : add tim
2024-09-13 16:38:11,116 [INFO] IPUIPlugin:80 - create IPUIPlugin
2024-09-13 16:38:11,117 [INFO] PluginManager:220 - loadIPPluginJar : add plateformsettings
2024-09-13 16:38:11,121 [INFO] IPUIPlugin:80 - create IPUIPlugin
2024-09-13 16:38:11,122 [INFO] PluginManager:220 - loadIPPluginJar : add linkedlist
2024-09-13 16:38:11,123 [INFO] IPUIPlugin:80 - create IPUIPlugin
2024-09-13 16:38:11,123 [INFO] PluginManager:220 - loadIPPluginJar : add opamp
2024-09-13 16:38:11,211 [INFO] CADModel:165 - CPN selected for project level
2024-09-13 16:38:11,211 [INFO] CADModel:114 - Register for checkConnection events
2024-09-13 16:38:11,211 [FATAL] Updater:334 - Updater called before beeing initialized
2024-09-13 16:38:11,211 [ERROR] CADModel:125 - Updater not yet initialized, retry later 
2024-09-13 16:38:11,328 [INFO] CADModel:165 - CPN selected for project level
2024-09-13 16:38:11,328 [INFO] CADModel:114 - Register for checkConnection events
2024-09-13 16:38:11,328 [FATAL] Updater:334 - Updater called before beeing initialized
2024-09-13 16:38:11,328 [ERROR] CADModel:125 - Updater not yet initialized, retry later 
2024-09-13 16:38:11,341 [FATAL] Updater:334 - Updater called before beeing initialized
2024-09-13 16:38:11,390 [FATAL] Updater:334 - Updater called before beeing initialized
2024-09-13 16:38:11,392 [INFO] DbMcusAds:53 - JSON generation date=Thu May 16 12:22:00 IDT 2024 (1715851320667)
2024-09-13 16:38:11,392 [FATAL] Updater:334 - Updater called before beeing initialized
2024-09-13 16:38:11,417 [WARN] DetailPanel:346 - Failed to get advertising image, set to default
2024-09-13 16:38:11,478 [FATAL] Updater:334 - Updater called before beeing initialized
2024-09-13 16:38:11,480 [FATAL] Updater:334 - Updater called before beeing initialized
2024-09-13 16:38:11,480 [FATAL] Updater:334 - Updater called before beeing initialized
2024-09-13 16:38:11,480 [WARN] DetailPanel:346 - Failed to get advertising image, set to default
2024-09-13 16:38:11,480 [FATAL] Updater:334 - Updater called before beeing initialized
2024-09-13 16:38:11,500 [ERROR] Updater:1164 - MainUpdater not yet initialized. External WinMGr cannot be set.
2024-09-13 16:38:11,501 [INFO] Updater:1100 - Updater Version found : 6.12.0
2024-09-13 16:38:11,513 [INFO] ApplicationProperties:184 - Using Application install path: /home/artyom/st/stm32cubeide_1.16.0_2/plugins/com.st.stm32cube.common.mx_6.12.0.202406281431
2024-09-13 16:38:11,717 [INFO] MainUpdater:2873 - connection check result : 10
2024-09-13 16:38:11,717 [INFO] MainUpdater:3567 - Updater definition file requires update
2024-09-13 16:38:11,717 [INFO] MainUpdater:290 - Updater Check For Update Now.
2024-09-13 16:38:11,717 [INFO] MicroXplorer:498 - Change Database Version : DB.6.0.120
2024-09-13 16:38:11,720 [INFO] McuFinderGlobals:63 - Set McuFinder mode to 2 (CubeIDE integrated)
2024-09-13 16:38:11,720 [INFO] UserAuth:179 - activating auth plugin
2024-09-13 16:38:11,722 [INFO] UserAuth:417 - Internet connection configuration mode: 1
2024-09-13 16:38:11,723 [INFO] ServerAccessManage:473 - Download File updaters.zip
2024-09-13 16:38:11,731 [INFO] JxBrowserEngine:152 - Initiate JxBrowser Engine with user profile folder
2024-09-13 16:38:11,764 [INFO] FileExtend:240 - Unzip File : updaters.zip
2024-09-13 16:38:11,765 [INFO] FileExtend:255 - Standard Zip Deflate
2024-09-13 16:38:11,870 [INFO] ServerAccessManage:473 - Download File PacksControlFlags.xml
2024-09-13 16:38:11,910 [INFO] ServerAccessManage:473 - Download File cubemx.pidx
2024-09-13 16:38:12,162 [INFO] ServerAccessManage:473 - Download File STMicroelectronics.X-CUBE-GNSS1.pdsc
2024-09-13 16:38:12,350 [INFO] WebApp:167 - Instantiating new browser for Auth
2024-09-13 16:38:12,418 [ERROR] ServerAccessManage:1089 - Problem, file not found on Server
2024-09-13 16:38:12,592 [ERROR] ServerAccessManage:1089 - Problem, file not found on Server
2024-09-13 16:38:12,599 [ERROR] ServerAccessManage:1089 - Problem, file not found on Server
2024-09-13 16:38:12,607 [ERROR] ServerAccessManage:1089 - Problem, file not found on Server
2024-09-13 16:38:12,674 [ERROR] ServerAccessManage:1089 - Problem, file not found on Server
2024-09-13 16:38:12,735 [ERROR] ServerAccessManage:1089 - Problem, file not found on Server
2024-09-13 16:38:12,845 [INFO] WebApp:448 - Apply proxy settings
2024-09-13 16:38:12,845 [INFO] WebApp:533 - Chromium requires no authentication
2024-09-13 16:38:12,851 [INFO] WebApp:476 - Direct internet connection detected
2024-09-13 16:38:12,863 [INFO] WebApp:869 - Register for checkConnection events
2024-09-13 16:38:12,863 [INFO] WebApp:448 - Apply proxy settings
2024-09-13 16:38:12,863 [INFO] WebApp:533 - Chromium requires no authentication
2024-09-13 16:38:12,863 [INFO] WebApp:476 - Direct internet connection detected
2024-09-13 16:38:12,957 [INFO] WebApp:220 - Starting web application
2024-09-13 16:38:12,958 [INFO] WebApp:578 - Web application path used /home/artyom/st/stm32cubeide_1.16.0_2/plugins/com.st.stm32cube.common.mx_6.12.0.202406281431/db/plugins/mcufinder/reactClient1/index.html
2024-09-13 16:38:13,057 [WARN] PackLoader:240 - Cannot read IP mode file for STMicroelectronics.X-CUBE-GNSS1.7.0.0
2024-09-13 16:38:13,059 [INFO] PopulateThirdPartyThread:66 - Ending populate Thread
2024-09-13 16:38:13,060 [INFO] ThirdParty:1030 - CMSIS Pack Vendor :STMicroelectronics X-CUBE-GNSS1 7.0.0
2024-09-13 16:38:13,060 [INFO] LoadServerUpdatesThread:375 - End of LoadServerUpdate Thread
2024-09-13 16:38:13,177 [INFO] CheckServerUpdateThread:120 - End of CheckServer Thread
2024-09-13 16:38:13,416 [INFO] WebApp:186 - Connection restablished
2024-09-13 16:38:13,768 [WARN] PackLoader:240 - Cannot read IP mode file for STMicroelectronics.FP-SNS-MOTENVWB1.1.4.0
2024-09-13 16:38:13,771 [WARN] PackLoader:240 - Cannot read IP mode file for STMicroelectronics.X-CUBE-SMBUS.2.1.0
2024-09-13 16:38:13,787 [WARN] PackLoader:240 - Cannot read IP mode file for STMicroelectronics.X-CUBE-AZRTOS-F7.1.1.0
2024-09-13 16:38:13,827 [WARN] PackLoader:240 - Cannot read IP mode file for STMicroelectronics.X-CUBE-MEMS1.11.0.0
2024-09-13 16:38:13,922 [WARN] PackLoader:240 - Cannot read IP mode file for STMicroelectronics.FP-SNS-FLIGHT1.5.0.2
2024-09-13 16:38:13,926 [WARN] PackLoader:240 - Cannot read IP mode file for STMicroelectronics.X-CUBE-DISPLAY.3.0.0
2024-09-13 16:38:13,930 [WARN] PackLoader:240 - Cannot read IP mode file for STMicroelectronics.X-CUBE-BLE1.7.0.0
2024-09-13 16:38:13,932 [WARN] PackLoader:240 - Cannot read IP mode file for emotas.I-CUBE-CANOPEN.1.3.0
2024-09-13 16:38:13,937 [WARN] PackLoader:240 - Cannot read IP mode file for STMicroelectronics.X-CUBE-BLEMGR.3.1.0
2024-09-13 16:38:13,939 [WARN] PackLoader:240 - Cannot read IP mode file for STMicroelectronics.FP-SNS-SMARTAG2.1.2.0
2024-09-13 16:38:13,944 [INFO] LogOutputStream:77 - [STDOUT_REDIRECT] 1 : Invalid condition id : UX_CORESTACK_Condition cause : null
2024-09-13 16:38:13,945 [INFO] LogOutputStream:77 - [STDOUT_REDIRECT] 1 : Invalid condition id : UX_CORESTACK_Condition cause : null
2024-09-13 16:38:13,945 [INFO] LogOutputStream:77 - [STDOUT_REDIRECT] 1 : Invalid condition id : UX_CORESTACK_Condition cause : null
2024-09-13 16:38:13,945 [INFO] LogOutputStream:77 - [STDOUT_REDIRECT] 1 : Invalid condition id : UX_CORESTACK_Condition cause : null
2024-09-13 16:38:13,945 [INFO] LogOutputStream:77 - [STDOUT_REDIRECT] 1 : Invalid condition id : UX_CORESTACK_Condition cause : null
2024-09-13 16:38:13,951 [WARN] PackLoader:240 - Cannot read IP mode file for STMicroelectronics.X-CUBE-AZRTOS-WL.2.0.0
2024-09-13 16:38:13,954 [WARN] PackLoader:240 - Cannot read IP mode file for STMicroelectronics.FP-SNS-MOTENV1.5.0.0
2024-09-13 16:38:13,956 [WARN] PackLoader:240 - Cannot read IP mode file for wolfSSL.I-CUBE-wolfMQTT.1.19.0
2024-09-13 16:38:13,959 [WARN] PackLoader:240 - Cannot read IP mode file for WES.I-CUBE-Cesium.1.3.0
2024-09-13 16:38:13,961 [WARN] PackLoader:240 - Cannot read IP mode file for STMicroelectronics.X-CUBE-BLE2.3.3.0
2024-09-13 16:38:13,963 [WARN] PackLoader:240 - Cannot read IP mode file for STMicroelectronics.X-CUBE-TCPP.4.1.0
2024-09-13 16:38:13,972 [WARN] PackLoader:240 - Cannot read IP mode file for STMicroelectronics.X-CUBE-AZRTOS-G0.1.1.0
2024-09-13 16:38:13,976 [WARN] PackLoader:240 - Cannot read IP mode file for STMicroelectronics.X-CUBE-SAFEA1.1.2.2
2024-09-13 16:38:13,979 [WARN] PackLoader:240 - Cannot read IP mode file for STMicroelectronics.X-CUBE-NFC4.3.0.0
2024-09-13 16:38:13,983 [WARN] PackLoader:240 - Cannot read IP mode file for EmbeddedOffice.I-CUBE-FS-RTOS.1.0.1
2024-09-13 16:38:13,983 [ERROR] ConditionMgr:805 - Attr not supported : Dmpu
2024-09-13 16:38:13,983 [ERROR] ConditionMgr:805 - Attr not supported : Dmpu
2024-09-13 16:38:13,983 [ERROR] ConditionMgr:805 - Attr not supported : Dmpu
2024-09-13 16:38:13,983 [ERROR] ConditionMgr:805 - Attr not supported : Dmpu
2024-09-13 16:38:13,984 [ERROR] ConditionMgr:805 - Attr not supported : Dmpu
2024-09-13 16:38:13,984 [ERROR] ConditionMgr:805 - Attr not supported : Dmpu
2024-09-13 16:38:13,984 [ERROR] ConditionMgr:805 - Attr not supported : Dmpu
2024-09-13 16:38:13,984 [ERROR] ConditionMgr:805 - Attr not supported : Dmpu
2024-09-13 16:38:13,984 [ERROR] ConditionMgr:805 - Attr not supported : Dmpu
2024-09-13 16:38:13,984 [ERROR] ConditionMgr:805 - Attr not supported : Dmpu
2024-09-13 16:38:13,984 [ERROR] ConditionMgr:805 - Attr not supported : Dmpu
2024-09-13 16:38:13,984 [ERROR] ConditionMgr:805 - Attr not supported : Dmpu
2024-09-13 16:38:13,984 [ERROR] ConditionMgr:805 - Attr not supported : Dmpu
2024-09-13 16:38:13,984 [ERROR] ConditionMgr:805 - Attr not supported : Dmpu
2024-09-13 16:38:13,984 [ERROR] ConditionMgr:805 - Attr not supported : Dmpu
2024-09-13 16:38:13,984 [ERROR] ConditionMgr:805 - Attr not supported : Dmpu
2024-09-13 16:38:13,984 [ERROR] ConditionMgr:805 - Attr not supported : Dmpu
2024-09-13 16:38:13,984 [ERROR] ConditionMgr:805 - Attr not supported : Dmpu
2024-09-13 16:38:13,984 [ERROR] ConditionMgr:805 - Attr not supported : Dmpu
2024-09-13 16:38:13,984 [ERROR] ConditionMgr:805 - Attr not supported : Dmpu
2024-09-13 16:38:13,984 [ERROR] ConditionMgr:805 - Attr not supported : Dmpu
2024-09-13 16:38:13,984 [ERROR] ConditionMgr:805 - Attr not supported : Dmpu
2024-09-13 16:38:13,984 [ERROR] ConditionMgr:805 - Attr not supported : Dmpu
2024-09-13 16:38:13,985 [ERROR] ConditionMgr:805 - Attr not supported : Dmpu
2024-09-13 16:38:13,985 [ERROR] ConditionMgr:805 - Attr not supported : Dmpu
2024-09-13 16:38:13,985 [ERROR] ConditionMgr:805 - Attr not supported : Dmpu
2024-09-13 16:38:13,985 [ERROR] ConditionMgr:805 - Attr not supported : Dmpu
2024-09-13 16:38:13,985 [ERROR] ConditionMgr:805 - Attr not supported : Dmpu
2024-09-13 16:38:13,985 [ERROR] ConditionMgr:805 - Attr not supported : Dmpu
2024-09-13 16:38:13,985 [ERROR] ConditionMgr:805 - Attr not supported : Dmpu
2024-09-13 16:38:13,985 [ERROR] ConditionMgr:805 - Attr not supported : Dmpu
2024-09-13 16:38:13,985 [ERROR] ConditionMgr:805 - Attr not supported : Dmpu
2024-09-13 16:38:13,985 [ERROR] ConditionMgr:805 - Attr not supported : Dmpu
2024-09-13 16:38:13,985 [ERROR] ConditionMgr:805 - Attr not supported : Dmpu
2024-09-13 16:38:13,985 [ERROR] ConditionMgr:805 - Attr not supported : Dmpu
2024-09-13 16:38:13,985 [ERROR] ConditionMgr:805 - Attr not supported : Dmpu
2024-09-13 16:38:13,985 [ERROR] ConditionMgr:805 - Attr not supported : Dmpu
2024-09-13 16:38:13,985 [ERROR] ConditionMgr:805 - Attr not supported : Dmpu
2024-09-13 16:38:13,985 [ERROR] ConditionMgr:805 - Attr not supported : Dmpu
2024-09-13 16:38:13,985 [ERROR] ConditionMgr:805 - Attr not supported : Dmpu
2024-09-13 16:38:13,985 [ERROR] ConditionMgr:805 - Attr not supported : Dmpu
2024-09-13 16:38:13,985 [ERROR] ConditionMgr:805 - Attr not supported : Dmpu
2024-09-13 16:38:13,985 [ERROR] ConditionMgr:805 - Attr not supported : Dmpu
2024-09-13 16:38:13,985 [ERROR] ConditionMgr:805 - Attr not supported : Dmpu
2024-09-13 16:38:13,986 [ERROR] ConditionMgr:805 - Attr not supported : Dmpu
2024-09-13 16:38:13,986 [ERROR] ConditionMgr:805 - Attr not supported : Dmpu
2024-09-13 16:38:13,986 [ERROR] ConditionMgr:805 - Attr not supported : Dmpu
2024-09-13 16:38:13,986 [ERROR] ConditionMgr:805 - Attr not supported : Dmpu
2024-09-13 16:38:13,986 [ERROR] ConditionMgr:805 - Attr not supported : Dmpu
2024-09-13 16:38:13,986 [ERROR] ConditionMgr:805 - Attr not supported : Dmpu
2024-09-13 16:38:13,986 [ERROR] ConditionMgr:805 - Attr not supported : Dmpu
2024-09-13 16:38:13,986 [ERROR] ConditionMgr:805 - Attr not supported : Dmpu
2024-09-13 16:38:13,986 [ERROR] ConditionMgr:805 - Attr not supported : Dmpu
2024-09-13 16:38:13,986 [ERROR] ConditionMgr:805 - Attr not supported : Dmpu
2024-09-13 16:38:13,986 [ERROR] ConditionMgr:805 - Attr not supported : Dmpu
2024-09-13 16:38:13,986 [ERROR] ConditionMgr:805 - Attr not supported : Dmpu
2024-09-13 16:38:13,986 [ERROR] ConditionMgr:805 - Attr not supported : Dmpu
2024-09-13 16:38:13,986 [ERROR] ConditionMgr:805 - Attr not supported : Dmpu
2024-09-13 16:38:13,986 [ERROR] ConditionMgr:805 - Attr not supported : Dmpu
2024-09-13 16:38:13,986 [ERROR] ConditionMgr:805 - Attr not supported : Dmpu
2024-09-13 16:38:13,986 [ERROR] ConditionMgr:805 - Attr not supported : Dmpu
2024-09-13 16:38:13,986 [ERROR] ConditionMgr:805 - Attr not supported : Dmpu
2024-09-13 16:38:13,986 [ERROR] ConditionMgr:805 - Attr not supported : Dmpu
2024-09-13 16:38:13,986 [ERROR] ConditionMgr:805 - Attr not supported : Dmpu
2024-09-13 16:38:13,988 [WARN] PackLoader:240 - Cannot read IP mode file for RealThread.X-CUBE-RT-Thread_Nano.4.1.1
2024-09-13 16:38:13,990 [WARN] PackLoader:240 - Cannot read IP mode file for STMicroelectronics.FP-ATR-SIGFOX1.3.2.0
2024-09-13 16:38:13,991 [WARN] PackLoader:240 - Cannot read IP mode file for wolfSSL.I-CUBE-wolfSSL.5.7.2
2024-09-13 16:38:13,994 [WARN] PackLoader:240 - Cannot read IP mode file for STMicroelectronics.X-CUBE-EEPRMA1.5.1.0
2024-09-13 16:38:13,997 [WARN] PackLoader:240 - Cannot read IP mode file for ITTIA_DB.I-CUBE-ITTIADB.8.9.0
2024-09-13 16:38:14,012 [WARN] PackLoader:240 - Cannot read IP mode file for SEGGER.I-CUBE-embOS.1.3.1
2024-09-13 16:38:14,037 [WARN] PackLoader:240 - Cannot read IP mode file for STMicroelectronics.X-CUBE-ALGOBUILD.1.4.0
2024-09-13 16:38:14,039 [WARN] PackLoader:240 - Cannot read IP mode file for STMicroelectronics.X-CUBE-GNSS1.6.0.0
2024-09-13 16:38:14,048 [WARN] PackLoader:240 - Cannot read IP mode file for STMicroelectronics.X-CUBE-AZRTOS-F4.1.1.0
2024-09-13 16:38:14,051 [WARN] PackLoader:240 - Cannot read IP mode file for STMicroelectronics.X-CUBE-FREERTOS.1.2.0
2024-09-13 16:38:14,060 [WARN] PackLoader:240 - Cannot read IP mode file for STMicroelectronics.X-CUBE-AZRTOS-L5.2.0.0
2024-09-13 16:38:14,065 [WARN] PackLoader:240 - Cannot read IP mode file for STMicroelectronics.X-CUBE-NFC6.3.1.0
2024-09-13 16:38:14,068 [WARN] PackLoader:240 - Cannot read IP mode file for STMicroelectronics.X-CUBE-DPower.1.2.0
2024-09-13 16:38:14,070 [WARN] PackLoader:240 - Cannot read IP mode file for STMicroelectronics.X-CUBE-AI.9.0.0
2024-09-13 16:38:14,072 [WARN] PackLoader:240 - Cannot read IP mode file for STMicroelectronics.X-CUBE-NFC7.1.0.1
2024-09-13 16:38:14,082 [WARN] ConditionMgr:438 - getConditionDescription Invalid condition id : LAN8742 Phy interface Condition cause : null
2024-09-13 16:38:14,083 [WARN] PackLoader:240 - Cannot read IP mode file for STMicroelectronics.X-CUBE-AZRTOS-L4.2.0.0
2024-09-13 16:38:14,083 [WARN] ConditionMgr:1039 - genDependencies : Invalid condition id : LAN8742 Phy interface Condition cause : null
2024-09-13 16:38:14,083 [WARN] ConditionMgr:1039 - genDependencies : Invalid condition id : LAN8742 Phy interface Condition cause : null
2024-09-13 16:38:14,084 [WARN] ConditionMgr:1039 - genDependencies : Invalid condition id : LAN8742 Phy interface Condition cause : null
2024-09-13 16:38:14,087 [WARN] PackLoader:240 - Cannot read IP mode file for STMicroelectronics.X-CUBE-SFXS2LP1.4.0.0
2024-09-13 16:38:14,100 [WARN] PackLoader:240 - Cannot read IP mode file for STMicroelectronics.X-CUBE-AZRTOS-H7.3.3.0
2024-09-13 16:38:14,108 [WARN] ConditionMgr:438 - getConditionDescription Invalid condition id : UX DEVICE CLASS RTOS Condition cause : null
2024-09-13 16:38:14,108 [WARN] ConditionMgr:438 - getConditionDescription Invalid condition id : UX DEVICE CLASS RTOS Condition cause : null
2024-09-13 16:38:14,109 [WARN] PackLoader:240 - Cannot read IP mode file for STMicroelectronics.X-CUBE-AZRTOS-WB.2.0.0
2024-09-13 16:38:14,110 [WARN] ConditionMgr:1039 - genDependencies : Invalid condition id : UX DEVICE CLASS RTOS Condition cause : null
2024-09-13 16:38:14,110 [WARN] ConditionMgr:1039 - genDependencies : Invalid condition id : UX DEVICE CLASS RTOS Condition cause : null
2024-09-13 16:38:14,110 [WARN] ConditionMgr:1039 - genDependencies : Invalid condition id : UX DEVICE CLASS RTOS Condition cause : null
2024-09-13 16:38:14,110 [WARN] ConditionMgr:1039 - genDependencies : Invalid condition id : UX DEVICE CLASS RTOS Condition cause : null
2024-09-13 16:38:14,110 [WARN] ConditionMgr:1039 - genDependencies : Invalid condition id : UX DEVICE CLASS RTOS Condition cause : null
2024-09-13 16:38:14,113 [WARN] PackLoader:240 - Cannot read IP mode file for STMicroelectronics.X-CUBE-GNSS1.7.0.0
2024-09-13 16:38:14,116 [WARN] PackLoader:240 - Cannot read IP mode file for STMicroelectronics.FP-SNS-STBOX1.2.0.0
2024-09-13 16:38:14,122 [WARN] PackLoader:240 - Cannot read IP mode file for STMicroelectronics.X-CUBE-SUBG2.5.0.0
2024-09-13 16:38:14,126 [WARN] PackLoader:240 - Cannot read IP mode file for Cesanta.I-CUBE-Mongoose.7.13.0
2024-09-13 16:38:14,133 [WARN] PackLoader:240 - Cannot read IP mode file for STMicroelectronics.X-CUBE-AZRTOS-G4.2.0.0
2024-09-13 16:38:14,136 [WARN] PackLoader:240 - Cannot read IP mode file for STMicroelectronics.X-CUBE-ISPU.2.0.0
2024-09-13 16:38:14,138 [WARN] PackLoader:240 - Cannot read IP mode file for STMicroelectronics.X-CUBE-ALS.1.0.2
2024-09-13 16:38:14,140 [WARN] PackLoader:240 - Cannot read IP mode file for STMicroelectronics.X-CUBE-TOUCHGFX.4.24.0
2024-09-13 16:38:14,141 [WARN] PackLoader:240 - Cannot read IP mode file for wolfSSL.I-CUBE-wolfTPM.3.4.0
2024-09-13 16:38:14,142 [WARN] PackLoader:240 - Cannot read IP mode file for portGmbH.I-Cube-SoM-uGOAL.1.1.0
2024-09-13 16:38:14,152 [WARN] PackLoader:240 - Cannot read IP mode file for STMicroelectronics.X-CUBE-AZRTOS-H7RS.1.0.0
2024-09-13 16:38:14,155 [WARN] PackLoader:240 - Cannot read IP mode file for STMicroelectronics.FP-ATR-ASTRA1.2.0.0
2024-09-13 16:38:14,164 [WARN] PackLoader:240 - Cannot read IP mode file for STMicroelectronics.X-CUBE-TOF1.3.4.2
2024-09-13 16:38:14,180 [WARN] PackLoader:240 - Cannot read IP mode file for Infineon.AIROC-Wi-Fi-Bluetooth-STM32.1.6.1
2024-09-13 16:38:14,184 [WARN] PackLoader:240 - Cannot read IP mode file for wolfSSL.I-CUBE-wolfSSH.1.4.17
2024-09-13 16:38:14,184 [INFO] ThirdParty:978 - Integrity check success = true
2024-09-13 16:38:14,184 [INFO] IntegrityCheckThread:100 - exiting critical section [integrity check]
2024-09-13 16:38:14,184 [INFO] IntegrityCheckThread:103 - End integrity checks thread
2024-09-13 18:59:27,934 [ERROR] LogOutputStream:75 - [STDERR_REDIRECT] 
