2024-09-03 22:07:04,021 [INFO] Activator:176 - 


2024-09-03 22:07:04,023 [INFO] Activator:177 - !SESSION log4j initialized
2024-09-03 22:07:07,143 [INFO] LogOutputStream:77 - [STDOUT_REDIRECT] 
2024-09-03 22:07:07,705 [INFO] ApplicationProperties:184 - Using Application install path: /home/artyom/st/stm32cubeide_1.16.0_2/plugins/com.st.stm32cube.common.mx_6.12.0.202406281431
2024-09-03 22:07:07,717 [INFO] DbMcusXml:78 - Set database path to: /home/artyom/st/stm32cubeide_1.16.0_2/plugins/com.st.stm32cube.common.mx_6.12.0.202406281431//db//mcu/
2024-09-03 22:07:07,717 [INFO] ApiDb:274 - Set plugin database path to: /home/artyom/st/stm32cubeide_1.16.0_2/plugins/com.st.stm32cube.common.mx_6.12.0.202406281431//db//plugins/boardmanager/
2024-09-03 22:07:07,717 [WARN] ApiDb:259 - Overriding images path with different value:  => /home/artyom/st/stm32cubeide_1.16.0_2/plugins/com.st.stm32cube.common.mx_6.12.0.202406281431//db//plugins/mcufinder/images/
2024-09-03 22:07:07,720 [INFO] ApiDb:250 - Set database path to: /home/artyom/.stmcufinder/plugins/mcufinder//mcu/
2024-09-03 22:07:07,721 [INFO] DbMcusAds:125 - Set database path to: /home/artyom/.stmcufinder/plugins/mcufinder//mcu/
2024-09-03 22:07:07,722 [INFO] CrossReferenceDbSqlite:203 - Set database path to: /home/artyom/.stmcufinder/plugins/mcufinder//mcu/cs/
2024-09-03 22:07:07,801 [INFO] RulesReader:64 - Compatibility file has been processed (297 Rules)
2024-09-03 22:07:07,839 [INFO] DbMcusXml:78 - Set database path to: /home/artyom/st/stm32cubeide_1.16.0_2/plugins/com.st.stm32cube.common.mx_6.12.0.202406281431//db//mcu/
2024-09-03 22:07:07,839 [INFO] ApiDb:274 - Set plugin database path to: /home/artyom/st/stm32cubeide_1.16.0_2/plugins/com.st.stm32cube.common.mx_6.12.0.202406281431//db//plugins/boardmanager/
2024-09-03 22:07:07,839 [INFO] ApiDb:261 - Set plugin images path to: /home/artyom/st/stm32cubeide_1.16.0_2/plugins/com.st.stm32cube.common.mx_6.12.0.202406281431//db//plugins/mcufinder/images/
2024-09-03 22:07:07,840 [WARN] DbFile:41 - Overriding database path with different value: /home/artyom/.stmcufinder/plugins/mcufinder/ => /home/artyom/.stmcufinder/plugins/mcufinder
2024-09-03 22:07:07,840 [INFO] ApiDb:250 - Set database path to: /home/artyom/.stmcufinder/plugins/mcufinder//mcu/
2024-09-03 22:07:07,840 [WARN] DbFile:41 - Overriding database path with different value: /home/artyom/.stmcufinder/plugins/mcufinder/ => /home/artyom/.stmcufinder/plugins/mcufinder
2024-09-03 22:07:07,840 [INFO] DbMcusAds:125 - Set database path to: /home/artyom/.stmcufinder/plugins/mcufinder//mcu/
2024-09-03 22:07:07,840 [WARN] DbFile:41 - Overriding database path with different value: /home/artyom/.stmcufinder/plugins/mcufinder/ => /home/artyom/.stmcufinder/plugins/mcufinder
2024-09-03 22:07:07,840 [WARN] DbFile:41 - Overriding database path with different value: /home/artyom/.stmcufinder/plugins/mcufinder/ => /home/artyom/.stmcufinder/plugins/mcufinder
2024-09-03 22:07:07,840 [INFO] CrossReferenceDbSqlite:203 - Set database path to: /home/artyom/.stmcufinder/plugins/mcufinder//mcu/cs/
2024-09-03 22:07:07,894 [INFO] MainPanel:268 - HeapMemory: 268435456
2024-09-03 22:07:07,997 [INFO] DbMcusXml:78 - Set database path to: /home/artyom/st/stm32cubeide_1.16.0_2/plugins/com.st.stm32cube.common.mx_6.12.0.202406281431//db//mcu/
2024-09-03 22:07:07,997 [INFO] ApiDb:274 - Set plugin database path to: /home/artyom/st/stm32cubeide_1.16.0_2/plugins/com.st.stm32cube.common.mx_6.12.0.202406281431//db//plugins/boardmanager/
2024-09-03 22:07:07,997 [INFO] ApiDb:261 - Set plugin images path to: /home/artyom/st/stm32cubeide_1.16.0_2/plugins/com.st.stm32cube.common.mx_6.12.0.202406281431//db//plugins/mcufinder/images/
2024-09-03 22:07:07,998 [WARN] DbFile:41 - Overriding database path with different value: /home/artyom/.stmcufinder/plugins/mcufinder/ => /home/artyom/.stmcufinder/plugins/mcufinder
2024-09-03 22:07:07,998 [INFO] ApiDb:250 - Set database path to: /home/artyom/.stmcufinder/plugins/mcufinder//mcu/
2024-09-03 22:07:07,998 [WARN] DbFile:41 - Overriding database path with different value: /home/artyom/.stmcufinder/plugins/mcufinder/ => /home/artyom/.stmcufinder/plugins/mcufinder
2024-09-03 22:07:07,998 [INFO] DbMcusAds:125 - Set database path to: /home/artyom/.stmcufinder/plugins/mcufinder//mcu/
2024-09-03 22:07:07,998 [WARN] DbFile:41 - Overriding database path with different value: /home/artyom/.stmcufinder/plugins/mcufinder/ => /home/artyom/.stmcufinder/plugins/mcufinder
2024-09-03 22:07:07,998 [WARN] DbFile:41 - Overriding database path with different value: /home/artyom/.stmcufinder/plugins/mcufinder/ => /home/artyom/.stmcufinder/plugins/mcufinder
2024-09-03 22:07:07,998 [INFO] CrossReferenceDbSqlite:203 - Set database path to: /home/artyom/.stmcufinder/plugins/mcufinder//mcu/cs/
2024-09-03 22:07:08,008 [INFO] ApplicationProperties:184 - Using Application install path: /home/artyom/st/stm32cubeide_1.16.0_2/plugins/com.st.stm32cube.common.mx_6.12.0.202406281431
2024-09-03 22:07:08,009 [INFO] PluginManage:196 - Search for loadable plugins [exclusion list=, ]
2024-09-03 22:07:08,010 [INFO] PluginManage:310 - Check plugin analytics
2024-09-03 22:07:08,111 [INFO] AnalyticsPlugin:253 - Accepted Software Licenses: 
2024-09-03 22:07:08,112 [INFO] AnalyticsPlugin:255 - Accepted CMSIS Pack Licenses: 
2024-09-03 22:07:08,112 [INFO] AnalyticsPlugin:257 - Accepted Firmware Licenses: 
2024-09-03 22:07:08,113 [INFO] PluginManage:359 - Loaded plugin analytics (category:tool,tabindex:-1)
2024-09-03 22:07:08,113 [INFO] PluginManage:310 - Check plugin cadmodel
2024-09-03 22:07:08,116 [INFO] CADModel:105 - Init CAD model plugin
2024-09-03 22:07:08,116 [INFO] PluginManage:359 - Loaded plugin cadmodel (category:power,tabindex:5)
2024-09-03 22:07:08,116 [INFO] PluginManage:310 - Check plugin clock
2024-09-03 22:07:08,121 [INFO] PluginManage:359 - Loaded plugin clock (category:base,tabindex:2)
2024-09-03 22:07:08,122 [INFO] PluginManage:310 - Check plugin ddr
2024-09-03 22:07:08,123 [INFO] PluginManage:359 - Loaded plugin ddr (category:tool,tabindex:6)
2024-09-03 22:07:08,123 [INFO] PluginManage:310 - Check plugin filemanager
2024-09-03 22:07:08,217 [INFO] PluginManage:359 - Loaded plugin filemanager (category:base,tabindex:10)
2024-09-03 22:07:08,217 [INFO] PluginManage:310 - Check plugin ipmanager
2024-09-03 22:07:08,220 [INFO] PluginManage:359 - Loaded plugin ipmanager (category:base,tabindex:5)
2024-09-03 22:07:08,221 [INFO] PluginManage:310 - Check plugin lpbam
2024-09-03 22:07:08,226 [INFO] PluginManage:359 - Loaded plugin lpbam (category:base,tabindex:0)
2024-09-03 22:07:08,226 [INFO] PluginManage:310 - Check plugin memorymap
2024-09-03 22:07:08,234 [INFO] PluginManage:359 - Loaded plugin memorymap (category:base,tabindex:4)
2024-09-03 22:07:08,234 [INFO] PluginManage:310 - Check plugin pinoutandconfiguration
2024-09-03 22:07:08,239 [INFO] PluginManage:359 - Loaded plugin pinoutandconfiguration (category:base,tabindex:1)
2024-09-03 22:07:08,239 [INFO] PluginManage:310 - Check plugin pinoutconfig
2024-09-03 22:07:08,289 [WARN] SupportedApi:132 - Cannot load RTOS API schema: s4s-elt-must-match.1: The content of 'definitions' must match (annotation?, (simpleType | complexType)?, (unique | key | keyref)*)). A problem was found starting at: attribute.
2024-09-03 22:07:08,369 [INFO] PluginManage:359 - Loaded plugin pinoutconfig (category:base,tabindex:0)
2024-09-03 22:07:08,369 [INFO] PluginManage:310 - Check plugin power
2024-09-03 22:07:08,375 [INFO] PluginManage:359 - Loaded plugin power (category:power,tabindex:4)
2024-09-03 22:07:08,375 [INFO] PluginManage:310 - Check plugin projectmanager
2024-09-03 22:07:08,384 [INFO] PluginManage:359 - Loaded plugin projectmanager (category:projectmanager,tabindex:4)
2024-09-03 22:07:08,384 [INFO] PluginManage:310 - Check plugin rif
2024-09-03 22:07:08,388 [INFO] PluginManage:359 - Loaded plugin rif (category:base,tabindex:3)
2024-09-03 22:07:08,388 [INFO] PluginManage:310 - Check plugin thirdparty
2024-09-03 22:07:08,456 [INFO] PluginManage:359 - Loaded plugin thirdparty (category:base,tabindex:-1)
2024-09-03 22:07:08,456 [INFO] PluginManage:310 - Check plugin tools
2024-09-03 22:07:08,456 [WARN] IntegrityCheckThread:84 - waiting for thirdparty lock release [integrity check]
2024-09-03 22:07:08,456 [INFO] IntegrityCheckThread:86 - entering critical section [integrity check]
2024-09-03 22:07:08,456 [INFO] ThirdPartyUpdaterWithRetryManager:70 - Updater plugin not ready yet. [1/15]
2024-09-03 22:07:08,457 [INFO] PluginManage:359 - Loaded plugin tools (category:base,tabindex:7)
2024-09-03 22:07:08,458 [INFO] PluginManage:310 - Check plugin tutovideos
2024-09-03 22:07:08,564 [INFO] PluginManage:359 - Loaded plugin tutovideos (category:base,tabindex:-1)
2024-09-03 22:07:08,564 [INFO] PluginManage:310 - Check plugin updater
2024-09-03 22:07:08,576 [INFO] PluginManage:359 - Loaded plugin updater (category:base,tabindex:12)
2024-09-03 22:07:08,576 [INFO] PluginManage:310 - Check plugin userauth
2024-09-03 22:07:08,580 [INFO] UserAuth:113 - Init User Auth plugin
2024-09-03 22:07:08,580 [INFO] PluginManage:359 - Loaded plugin userauth (category:base,tabindex:14)
2024-09-03 22:07:08,580 [INFO] PluginManage:283 - PluginManage : Loaded plugins [18]
2024-09-03 22:07:08,690 [INFO] PinOutPanel:1561 - setPackage(No Configuration,No Configuration)
2024-09-03 22:07:08,739 [INFO] CADModel:165 - CPN selected for project level
2024-09-03 22:07:08,739 [INFO] CADModel:114 - Register for checkConnection events
2024-09-03 22:07:08,745 [INFO] IPUIPlugin:80 - create IPUIPlugin
2024-09-03 22:07:08,745 [INFO] PluginManager:220 - loadIPPluginJar : add comp
2024-09-03 22:07:08,748 [INFO] IPUIPlugin:80 - create IPUIPlugin
2024-09-03 22:07:08,749 [INFO] PluginManager:220 - loadIPPluginJar : add gic
2024-09-03 22:07:08,751 [INFO] IPUIPlugin:80 - create IPUIPlugin
2024-09-03 22:07:08,752 [INFO] PluginManager:220 - loadIPPluginJar : add i2s
2024-09-03 22:07:08,756 [INFO] IPUIPlugin:80 - create IPUIPlugin
2024-09-03 22:07:08,756 [INFO] PluginManager:220 - loadIPPluginJar : add stm32_wpan
2024-09-03 22:07:08,757 [INFO] IPUIPlugin:80 - create IPUIPlugin
2024-09-03 22:07:08,757 [INFO] PluginManager:220 - loadIPPluginJar : add can
2024-09-03 22:07:08,759 [INFO] IPUIPlugin:80 - create IPUIPlugin
2024-09-03 22:07:08,759 [INFO] PluginManager:220 - loadIPPluginJar : add ddr_ctrl_phy
2024-09-03 22:07:08,759 [INFO] IPUIPlugin:80 - create IPUIPlugin
2024-09-03 22:07:08,760 [INFO] PluginManager:220 - loadIPPluginJar : add tsc
2024-09-03 22:07:08,762 [INFO] IPUIPlugin:80 - create IPUIPlugin
2024-09-03 22:07:08,762 [INFO] PluginManager:220 - loadIPPluginJar : add nvic
2024-09-03 22:07:08,762 [INFO] IPUIPlugin:80 - create IPUIPlugin
2024-09-03 22:07:08,762 [INFO] PluginManager:220 - loadIPPluginJar : add fatfs
2024-09-03 22:07:08,765 [INFO] IPUIPlugin:80 - create IPUIPlugin
2024-09-03 22:07:08,765 [INFO] PluginManager:220 - loadIPPluginJar : add resmgrutility
2024-09-03 22:07:08,766 [INFO] IPUIPlugin:80 - create IPUIPlugin
2024-09-03 22:07:08,766 [INFO] PluginManager:220 - loadIPPluginJar : add openamp
2024-09-03 22:07:08,767 [INFO] IPUIPlugin:80 - create IPUIPlugin
2024-09-03 22:07:08,767 [INFO] PluginManager:220 - loadIPPluginJar : add genericplugin
2024-09-03 22:07:08,771 [INFO] IPUIPlugin:80 - create IPUIPlugin
2024-09-03 22:07:08,771 [INFO] PluginManager:220 - loadIPPluginJar : add mdma
2024-09-03 22:07:08,772 [INFO] IPUIPlugin:80 - create IPUIPlugin
2024-09-03 22:07:08,772 [INFO] PluginManager:220 - loadIPPluginJar : add gfxmmu
2024-09-03 22:07:08,773 [INFO] IPUIPlugin:80 - create IPUIPlugin
2024-09-03 22:07:08,773 [INFO] PluginManager:220 - loadIPPluginJar : add extmemmanager
2024-09-03 22:07:08,775 [INFO] IPUIPlugin:80 - create IPUIPlugin
2024-09-03 22:07:08,775 [INFO] PluginManager:220 - loadIPPluginJar : add sai
2024-09-03 22:07:08,779 [INFO] IPUIPlugin:80 - create IPUIPlugin
2024-09-03 22:07:08,779 [INFO] PluginManager:220 - loadIPPluginJar : add freertos
2024-09-03 22:07:08,780 [INFO] IPUIPlugin:80 - create IPUIPlugin
2024-09-03 22:07:08,780 [INFO] PluginManager:220 - loadIPPluginJar : add cryp
2024-09-03 22:07:08,781 [INFO] IPUIPlugin:80 - create IPUIPlugin
2024-09-03 22:07:08,782 [INFO] PluginManager:220 - loadIPPluginJar : add touchsensing
2024-09-03 22:07:08,782 [INFO] IPUIPlugin:80 - create IPUIPlugin
2024-09-03 22:07:08,783 [INFO] PluginManager:220 - loadIPPluginJar : add tracer_emb
2024-09-03 22:07:08,784 [INFO] IPUIPlugin:80 - create IPUIPlugin
2024-09-03 22:07:08,784 [INFO] PluginManager:220 - loadIPPluginJar : add lorawan
2024-09-03 22:07:08,787 [INFO] IPUIPlugin:80 - create IPUIPlugin
2024-09-03 22:07:08,787 [INFO] PluginManager:220 - loadIPPluginJar : add dma
2024-09-03 22:07:08,788 [INFO] IPUIPlugin:80 - create IPUIPlugin
2024-09-03 22:07:08,789 [INFO] PluginManager:220 - loadIPPluginJar : add hash
2024-09-03 22:07:08,791 [INFO] IPUIPlugin:80 - create IPUIPlugin
2024-09-03 22:07:08,791 [INFO] PluginManager:220 - loadIPPluginJar : add gpio
2024-09-03 22:07:08,792 [INFO] IPUIPlugin:80 - create IPUIPlugin
2024-09-03 22:07:08,793 [INFO] PluginManager:220 - loadIPPluginJar : add ucpd
2024-09-03 22:07:08,793 [INFO] IPUIPlugin:80 - create IPUIPlugin
2024-09-03 22:07:08,793 [INFO] PluginManager:220 - loadIPPluginJar : add quadspi
2024-09-03 22:07:08,794 [INFO] IPUIPlugin:80 - create IPUIPlugin
2024-09-03 22:07:08,794 [INFO] PluginManager:220 - loadIPPluginJar : add ts
2024-09-03 22:07:08,795 [INFO] IPUIPlugin:80 - create IPUIPlugin
2024-09-03 22:07:08,795 [INFO] PluginManager:220 - loadIPPluginJar : add radio
2024-09-03 22:07:08,798 [INFO] IPUIPlugin:80 - create IPUIPlugin
2024-09-03 22:07:08,798 [INFO] PluginManager:220 - loadIPPluginJar : add fmc
2024-09-03 22:07:08,799 [INFO] IPUIPlugin:80 - create IPUIPlugin
2024-09-03 22:07:08,799 [INFO] PluginManager:220 - loadIPPluginJar : add usbx
2024-09-03 22:07:08,803 [INFO] IPUIPlugin:80 - create IPUIPlugin
2024-09-03 22:07:08,803 [INFO] PluginManager:220 - loadIPPluginJar : add adc
2024-09-03 22:07:08,804 [INFO] IPUIPlugin:80 - create IPUIPlugin
2024-09-03 22:07:08,804 [INFO] PluginManager:220 - loadIPPluginJar : add dma3
2024-09-03 22:07:08,806 [INFO] IPUIPlugin:80 - create IPUIPlugin
2024-09-03 22:07:08,806 [INFO] PluginManager:220 - loadIPPluginJar : add gtzc
2024-09-03 22:07:08,807 [INFO] IPUIPlugin:80 - create IPUIPlugin
2024-09-03 22:07:08,807 [INFO] PluginManager:220 - loadIPPluginJar : add usart
2024-09-03 22:07:08,808 [INFO] IPUIPlugin:80 - create IPUIPlugin
2024-09-03 22:07:08,808 [INFO] PluginManager:220 - loadIPPluginJar : add spi
2024-09-03 22:07:08,809 [INFO] IPUIPlugin:80 - create IPUIPlugin
2024-09-03 22:07:08,809 [INFO] PluginManager:220 - loadIPPluginJar : add i3c
2024-09-03 22:07:08,810 [INFO] IPUIPlugin:80 - create IPUIPlugin
2024-09-03 22:07:08,810 [INFO] PluginManager:220 - loadIPPluginJar : add ltdc
2024-09-03 22:07:08,811 [INFO] IPUIPlugin:80 - create IPUIPlugin
2024-09-03 22:07:08,811 [INFO] PluginManager:220 - loadIPPluginJar : add i2c
2024-09-03 22:07:08,812 [INFO] IPUIPlugin:80 - create IPUIPlugin
2024-09-03 22:07:08,812 [INFO] PluginManager:220 - loadIPPluginJar : add dfsdm
2024-09-03 22:07:08,813 [INFO] IPUIPlugin:80 - create IPUIPlugin
2024-09-03 22:07:08,813 [INFO] PluginManager:220 - loadIPPluginJar : add pdm2pcm
2024-09-03 22:07:08,815 [INFO] IPUIPlugin:80 - create IPUIPlugin
2024-09-03 22:07:08,815 [INFO] PluginManager:220 - loadIPPluginJar : add ipddr
2024-09-03 22:07:08,816 [INFO] IPUIPlugin:80 - create IPUIPlugin
2024-09-03 22:07:08,816 [INFO] PluginManager:220 - loadIPPluginJar : add aes
2024-09-03 22:07:08,817 [INFO] IPUIPlugin:80 - create IPUIPlugin
2024-09-03 22:07:08,817 [INFO] PluginManager:220 - loadIPPluginJar : add tim
2024-09-03 22:07:08,821 [INFO] IPUIPlugin:80 - create IPUIPlugin
2024-09-03 22:07:08,822 [INFO] PluginManager:220 - loadIPPluginJar : add plateformsettings
2024-09-03 22:07:08,826 [INFO] IPUIPlugin:80 - create IPUIPlugin
2024-09-03 22:07:08,827 [INFO] PluginManager:220 - loadIPPluginJar : add linkedlist
2024-09-03 22:07:08,828 [INFO] IPUIPlugin:80 - create IPUIPlugin
2024-09-03 22:07:08,828 [INFO] PluginManager:220 - loadIPPluginJar : add opamp
2024-09-03 22:07:08,916 [INFO] CADModel:165 - CPN selected for project level
2024-09-03 22:07:08,916 [INFO] CADModel:114 - Register for checkConnection events
2024-09-03 22:07:08,916 [FATAL] Updater:334 - Updater called before beeing initialized
2024-09-03 22:07:08,917 [ERROR] CADModel:125 - Updater not yet initialized, retry later 
2024-09-03 22:07:09,000 [INFO] CADModel:165 - CPN selected for project level
2024-09-03 22:07:09,000 [INFO] CADModel:114 - Register for checkConnection events
2024-09-03 22:07:09,000 [FATAL] Updater:334 - Updater called before beeing initialized
2024-09-03 22:07:09,000 [ERROR] CADModel:125 - Updater not yet initialized, retry later 
2024-09-03 22:07:09,002 [FATAL] Updater:334 - Updater called before beeing initialized
2024-09-03 22:07:09,047 [FATAL] Updater:334 - Updater called before beeing initialized
2024-09-03 22:07:09,050 [INFO] DbMcusAds:53 - JSON generation date=Thu May 16 12:22:00 IDT 2024 (1715851320667)
2024-09-03 22:07:09,050 [FATAL] Updater:334 - Updater called before beeing initialized
2024-09-03 22:07:09,074 [WARN] DetailPanel:346 - Failed to get advertising image, set to default
2024-09-03 22:07:09,134 [FATAL] Updater:334 - Updater called before beeing initialized
2024-09-03 22:07:09,136 [FATAL] Updater:334 - Updater called before beeing initialized
2024-09-03 22:07:09,136 [FATAL] Updater:334 - Updater called before beeing initialized
2024-09-03 22:07:09,136 [WARN] DetailPanel:346 - Failed to get advertising image, set to default
2024-09-03 22:07:09,136 [FATAL] Updater:334 - Updater called before beeing initialized
2024-09-03 22:07:09,155 [ERROR] Updater:1164 - MainUpdater not yet initialized. External WinMGr cannot be set.
2024-09-03 22:07:09,156 [INFO] Updater:1100 - Updater Version found : 6.12.0
2024-09-03 22:07:09,168 [INFO] ApplicationProperties:184 - Using Application install path: /home/artyom/st/stm32cubeide_1.16.0_2/plugins/com.st.stm32cube.common.mx_6.12.0.202406281431
2024-09-03 22:07:09,600 [INFO] MainUpdater:2873 - connection check result : 10
2024-09-03 22:07:09,600 [INFO] MainUpdater:290 - Updater Check For Update Now.
2024-09-03 22:07:09,600 [INFO] MicroXplorer:498 - Change Database Version : DB.6.0.120
2024-09-03 22:07:09,611 [INFO] McuFinderGlobals:63 - Set McuFinder mode to 2 (CubeIDE integrated)
2024-09-03 22:07:09,611 [INFO] UserAuth:179 - activating auth plugin
2024-09-03 22:07:09,613 [INFO] UserAuth:417 - Internet connection configuration mode: 1
2024-09-03 22:07:09,622 [INFO] JxBrowserEngine:152 - Initiate JxBrowser Engine with user profile folder
2024-09-03 22:07:09,757 [INFO] CheckServerUpdateThread:120 - End of CheckServer Thread
2024-09-03 22:07:10,169 [INFO] WebApp:167 - Instantiating new browser for Auth
2024-09-03 22:07:10,641 [INFO] WebApp:448 - Apply proxy settings
2024-09-03 22:07:10,641 [INFO] WebApp:533 - Chromium requires no authentication
2024-09-03 22:07:10,646 [INFO] WebApp:476 - Direct internet connection detected
2024-09-03 22:07:10,657 [INFO] WebApp:869 - Register for checkConnection events
2024-09-03 22:07:10,657 [INFO] WebApp:448 - Apply proxy settings
2024-09-03 22:07:10,658 [INFO] WebApp:533 - Chromium requires no authentication
2024-09-03 22:07:10,658 [INFO] WebApp:476 - Direct internet connection detected
2024-09-03 22:07:10,749 [INFO] WebApp:220 - Starting web application
2024-09-03 22:07:10,749 [INFO] WebApp:578 - Web application path used /home/artyom/st/stm32cubeide_1.16.0_2/plugins/com.st.stm32cube.common.mx_6.12.0.202406281431/db/plugins/mcufinder/reactClient1/index.html
2024-09-03 22:07:11,329 [INFO] WebApp:186 - Connection restablished
2024-09-03 22:07:11,541 [WARN] PackLoader:240 - Cannot read IP mode file for STMicroelectronics.FP-SNS-MOTENVWB1.1.4.0
2024-09-03 22:07:11,547 [WARN] PackLoader:240 - Cannot read IP mode file for STMicroelectronics.X-CUBE-SMBUS.2.1.0
2024-09-03 22:07:11,569 [WARN] PackLoader:240 - Cannot read IP mode file for STMicroelectronics.X-CUBE-AZRTOS-F7.1.1.0
2024-09-03 22:07:11,637 [WARN] PackLoader:240 - Cannot read IP mode file for STMicroelectronics.X-CUBE-MEMS1.11.0.0
2024-09-03 22:07:11,751 [WARN] PackLoader:240 - Cannot read IP mode file for STMicroelectronics.FP-SNS-FLIGHT1.5.0.2
2024-09-03 22:07:11,756 [WARN] PackLoader:240 - Cannot read IP mode file for STMicroelectronics.X-CUBE-DISPLAY.3.0.0
2024-09-03 22:07:11,765 [WARN] PackLoader:240 - Cannot read IP mode file for STMicroelectronics.X-CUBE-BLE1.7.0.0
2024-09-03 22:07:11,769 [WARN] PackLoader:240 - Cannot read IP mode file for emotas.I-CUBE-CANOPEN.1.3.0
2024-09-03 22:07:11,778 [WARN] PackLoader:240 - Cannot read IP mode file for STMicroelectronics.X-CUBE-BLEMGR.3.1.0
2024-09-03 22:07:11,784 [WARN] PackLoader:240 - Cannot read IP mode file for STMicroelectronics.FP-SNS-SMARTAG2.1.2.0
2024-09-03 22:07:11,792 [INFO] LogOutputStream:77 - [STDOUT_REDIRECT] 1 : Invalid condition id : UX_CORESTACK_Condition cause : null
2024-09-03 22:07:11,793 [INFO] LogOutputStream:77 - [STDOUT_REDIRECT] 1 : Invalid condition id : UX_CORESTACK_Condition cause : null
2024-09-03 22:07:11,793 [INFO] LogOutputStream:77 - [STDOUT_REDIRECT] 1 : Invalid condition id : UX_CORESTACK_Condition cause : null
2024-09-03 22:07:11,793 [INFO] LogOutputStream:77 - [STDOUT_REDIRECT] 1 : Invalid condition id : UX_CORESTACK_Condition cause : null
2024-09-03 22:07:11,794 [INFO] LogOutputStream:77 - [STDOUT_REDIRECT] 1 : Invalid condition id : UX_CORESTACK_Condition cause : null
2024-09-03 22:07:11,797 [WARN] PackLoader:240 - Cannot read IP mode file for STMicroelectronics.X-CUBE-AZRTOS-WL.2.0.0
2024-09-03 22:07:11,801 [WARN] PackLoader:240 - Cannot read IP mode file for STMicroelectronics.FP-SNS-MOTENV1.5.0.0
2024-09-03 22:07:11,804 [WARN] PackLoader:240 - Cannot read IP mode file for wolfSSL.I-CUBE-wolfMQTT.1.19.0
2024-09-03 22:07:11,810 [WARN] PackLoader:240 - Cannot read IP mode file for WES.I-CUBE-Cesium.1.3.0
2024-09-03 22:07:11,814 [WARN] PackLoader:240 - Cannot read IP mode file for STMicroelectronics.X-CUBE-BLE2.3.3.0
2024-09-03 22:07:11,824 [WARN] PackLoader:240 - Cannot read IP mode file for STMicroelectronics.X-CUBE-TCPP.4.1.0
2024-09-03 22:07:11,834 [WARN] PackLoader:240 - Cannot read IP mode file for STMicroelectronics.X-CUBE-AZRTOS-G0.1.1.0
2024-09-03 22:07:11,842 [WARN] PackLoader:240 - Cannot read IP mode file for STMicroelectronics.X-CUBE-SAFEA1.1.2.2
2024-09-03 22:07:11,846 [WARN] PackLoader:240 - Cannot read IP mode file for STMicroelectronics.X-CUBE-NFC4.3.0.0
2024-09-03 22:07:11,854 [WARN] PackLoader:240 - Cannot read IP mode file for EmbeddedOffice.I-CUBE-FS-RTOS.1.0.1
2024-09-03 22:07:11,854 [ERROR] ConditionMgr:805 - Attr not supported : Dmpu
2024-09-03 22:07:11,854 [ERROR] ConditionMgr:805 - Attr not supported : Dmpu
2024-09-03 22:07:11,854 [ERROR] ConditionMgr:805 - Attr not supported : Dmpu
2024-09-03 22:07:11,854 [ERROR] ConditionMgr:805 - Attr not supported : Dmpu
2024-09-03 22:07:11,854 [ERROR] ConditionMgr:805 - Attr not supported : Dmpu
2024-09-03 22:07:11,854 [ERROR] ConditionMgr:805 - Attr not supported : Dmpu
2024-09-03 22:07:11,854 [ERROR] ConditionMgr:805 - Attr not supported : Dmpu
2024-09-03 22:07:11,855 [ERROR] ConditionMgr:805 - Attr not supported : Dmpu
2024-09-03 22:07:11,855 [ERROR] ConditionMgr:805 - Attr not supported : Dmpu
2024-09-03 22:07:11,855 [ERROR] ConditionMgr:805 - Attr not supported : Dmpu
2024-09-03 22:07:11,855 [ERROR] ConditionMgr:805 - Attr not supported : Dmpu
2024-09-03 22:07:11,855 [ERROR] ConditionMgr:805 - Attr not supported : Dmpu
2024-09-03 22:07:11,855 [ERROR] ConditionMgr:805 - Attr not supported : Dmpu
2024-09-03 22:07:11,855 [ERROR] ConditionMgr:805 - Attr not supported : Dmpu
2024-09-03 22:07:11,855 [ERROR] ConditionMgr:805 - Attr not supported : Dmpu
2024-09-03 22:07:11,855 [ERROR] ConditionMgr:805 - Attr not supported : Dmpu
2024-09-03 22:07:11,855 [ERROR] ConditionMgr:805 - Attr not supported : Dmpu
2024-09-03 22:07:11,855 [ERROR] ConditionMgr:805 - Attr not supported : Dmpu
2024-09-03 22:07:11,855 [ERROR] ConditionMgr:805 - Attr not supported : Dmpu
2024-09-03 22:07:11,856 [ERROR] ConditionMgr:805 - Attr not supported : Dmpu
2024-09-03 22:07:11,856 [ERROR] ConditionMgr:805 - Attr not supported : Dmpu
2024-09-03 22:07:11,856 [ERROR] ConditionMgr:805 - Attr not supported : Dmpu
2024-09-03 22:07:11,856 [ERROR] ConditionMgr:805 - Attr not supported : Dmpu
2024-09-03 22:07:11,856 [ERROR] ConditionMgr:805 - Attr not supported : Dmpu
2024-09-03 22:07:11,856 [ERROR] ConditionMgr:805 - Attr not supported : Dmpu
2024-09-03 22:07:11,856 [ERROR] ConditionMgr:805 - Attr not supported : Dmpu
2024-09-03 22:07:11,856 [ERROR] ConditionMgr:805 - Attr not supported : Dmpu
2024-09-03 22:07:11,856 [ERROR] ConditionMgr:805 - Attr not supported : Dmpu
2024-09-03 22:07:11,856 [ERROR] ConditionMgr:805 - Attr not supported : Dmpu
2024-09-03 22:07:11,856 [ERROR] ConditionMgr:805 - Attr not supported : Dmpu
2024-09-03 22:07:11,856 [ERROR] ConditionMgr:805 - Attr not supported : Dmpu
2024-09-03 22:07:11,856 [ERROR] ConditionMgr:805 - Attr not supported : Dmpu
2024-09-03 22:07:11,857 [ERROR] ConditionMgr:805 - Attr not supported : Dmpu
2024-09-03 22:07:11,857 [ERROR] ConditionMgr:805 - Attr not supported : Dmpu
2024-09-03 22:07:11,857 [ERROR] ConditionMgr:805 - Attr not supported : Dmpu
2024-09-03 22:07:11,857 [ERROR] ConditionMgr:805 - Attr not supported : Dmpu
2024-09-03 22:07:11,857 [ERROR] ConditionMgr:805 - Attr not supported : Dmpu
2024-09-03 22:07:11,857 [ERROR] ConditionMgr:805 - Attr not supported : Dmpu
2024-09-03 22:07:11,857 [ERROR] ConditionMgr:805 - Attr not supported : Dmpu
2024-09-03 22:07:11,857 [ERROR] ConditionMgr:805 - Attr not supported : Dmpu
2024-09-03 22:07:11,857 [ERROR] ConditionMgr:805 - Attr not supported : Dmpu
2024-09-03 22:07:11,857 [ERROR] ConditionMgr:805 - Attr not supported : Dmpu
2024-09-03 22:07:11,857 [ERROR] ConditionMgr:805 - Attr not supported : Dmpu
2024-09-03 22:07:11,857 [ERROR] ConditionMgr:805 - Attr not supported : Dmpu
2024-09-03 22:07:11,857 [ERROR] ConditionMgr:805 - Attr not supported : Dmpu
2024-09-03 22:07:11,857 [ERROR] ConditionMgr:805 - Attr not supported : Dmpu
2024-09-03 22:07:11,857 [ERROR] ConditionMgr:805 - Attr not supported : Dmpu
2024-09-03 22:07:11,857 [ERROR] ConditionMgr:805 - Attr not supported : Dmpu
2024-09-03 22:07:11,857 [ERROR] ConditionMgr:805 - Attr not supported : Dmpu
2024-09-03 22:07:11,857 [ERROR] ConditionMgr:805 - Attr not supported : Dmpu
2024-09-03 22:07:11,857 [ERROR] ConditionMgr:805 - Attr not supported : Dmpu
2024-09-03 22:07:11,858 [ERROR] ConditionMgr:805 - Attr not supported : Dmpu
2024-09-03 22:07:11,858 [ERROR] ConditionMgr:805 - Attr not supported : Dmpu
2024-09-03 22:07:11,858 [ERROR] ConditionMgr:805 - Attr not supported : Dmpu
2024-09-03 22:07:11,858 [ERROR] ConditionMgr:805 - Attr not supported : Dmpu
2024-09-03 22:07:11,858 [ERROR] ConditionMgr:805 - Attr not supported : Dmpu
2024-09-03 22:07:11,858 [ERROR] ConditionMgr:805 - Attr not supported : Dmpu
2024-09-03 22:07:11,858 [ERROR] ConditionMgr:805 - Attr not supported : Dmpu
2024-09-03 22:07:11,858 [ERROR] ConditionMgr:805 - Attr not supported : Dmpu
2024-09-03 22:07:11,858 [ERROR] ConditionMgr:805 - Attr not supported : Dmpu
2024-09-03 22:07:11,858 [ERROR] ConditionMgr:805 - Attr not supported : Dmpu
2024-09-03 22:07:11,858 [ERROR] ConditionMgr:805 - Attr not supported : Dmpu
2024-09-03 22:07:11,858 [ERROR] ConditionMgr:805 - Attr not supported : Dmpu
2024-09-03 22:07:11,858 [ERROR] ConditionMgr:805 - Attr not supported : Dmpu
2024-09-03 22:07:11,861 [WARN] PackLoader:240 - Cannot read IP mode file for RealThread.X-CUBE-RT-Thread_Nano.4.1.1
2024-09-03 22:07:11,864 [WARN] PackLoader:240 - Cannot read IP mode file for STMicroelectronics.FP-ATR-SIGFOX1.3.2.0
2024-09-03 22:07:11,867 [WARN] PackLoader:240 - Cannot read IP mode file for wolfSSL.I-CUBE-wolfSSL.5.7.2
2024-09-03 22:07:11,870 [WARN] PackLoader:240 - Cannot read IP mode file for STMicroelectronics.X-CUBE-EEPRMA1.5.1.0
2024-09-03 22:07:11,874 [WARN] PackLoader:240 - Cannot read IP mode file for ITTIA_DB.I-CUBE-ITTIADB.8.9.0
2024-09-03 22:07:11,895 [WARN] PackLoader:240 - Cannot read IP mode file for SEGGER.I-CUBE-embOS.1.3.1
2024-09-03 22:07:11,921 [WARN] PackLoader:240 - Cannot read IP mode file for STMicroelectronics.X-CUBE-ALGOBUILD.1.4.0
2024-09-03 22:07:11,924 [WARN] PackLoader:240 - Cannot read IP mode file for STMicroelectronics.X-CUBE-GNSS1.6.0.0
2024-09-03 22:07:11,935 [WARN] PackLoader:240 - Cannot read IP mode file for STMicroelectronics.X-CUBE-AZRTOS-F4.1.1.0
2024-09-03 22:07:11,940 [WARN] PackLoader:240 - Cannot read IP mode file for STMicroelectronics.X-CUBE-FREERTOS.1.2.0
2024-09-03 22:07:11,950 [WARN] PackLoader:240 - Cannot read IP mode file for STMicroelectronics.X-CUBE-AZRTOS-L5.2.0.0
2024-09-03 22:07:11,955 [WARN] PackLoader:240 - Cannot read IP mode file for STMicroelectronics.X-CUBE-NFC6.3.1.0
2024-09-03 22:07:11,959 [WARN] PackLoader:240 - Cannot read IP mode file for STMicroelectronics.X-CUBE-DPower.1.2.0
2024-09-03 22:07:11,962 [WARN] PackLoader:240 - Cannot read IP mode file for STMicroelectronics.X-CUBE-AI.9.0.0
2024-09-03 22:07:11,964 [WARN] PackLoader:240 - Cannot read IP mode file for STMicroelectronics.X-CUBE-NFC7.1.0.1
2024-09-03 22:07:11,975 [WARN] ConditionMgr:438 - getConditionDescription Invalid condition id : LAN8742 Phy interface Condition cause : null
2024-09-03 22:07:11,975 [WARN] PackLoader:240 - Cannot read IP mode file for STMicroelectronics.X-CUBE-AZRTOS-L4.2.0.0
2024-09-03 22:07:11,976 [WARN] ConditionMgr:1039 - genDependencies : Invalid condition id : LAN8742 Phy interface Condition cause : null
2024-09-03 22:07:11,976 [WARN] ConditionMgr:1039 - genDependencies : Invalid condition id : LAN8742 Phy interface Condition cause : null
2024-09-03 22:07:11,977 [WARN] ConditionMgr:1039 - genDependencies : Invalid condition id : LAN8742 Phy interface Condition cause : null
2024-09-03 22:07:11,981 [WARN] PackLoader:240 - Cannot read IP mode file for STMicroelectronics.X-CUBE-SFXS2LP1.4.0.0
2024-09-03 22:07:11,997 [WARN] PackLoader:240 - Cannot read IP mode file for STMicroelectronics.X-CUBE-AZRTOS-H7.3.3.0
2024-09-03 22:07:12,006 [WARN] ConditionMgr:438 - getConditionDescription Invalid condition id : UX DEVICE CLASS RTOS Condition cause : null
2024-09-03 22:07:12,006 [WARN] ConditionMgr:438 - getConditionDescription Invalid condition id : UX DEVICE CLASS RTOS Condition cause : null
2024-09-03 22:07:12,007 [WARN] PackLoader:240 - Cannot read IP mode file for STMicroelectronics.X-CUBE-AZRTOS-WB.2.0.0
2024-09-03 22:07:12,008 [WARN] ConditionMgr:1039 - genDependencies : Invalid condition id : UX DEVICE CLASS RTOS Condition cause : null
2024-09-03 22:07:12,008 [WARN] ConditionMgr:1039 - genDependencies : Invalid condition id : UX DEVICE CLASS RTOS Condition cause : null
2024-09-03 22:07:12,008 [WARN] ConditionMgr:1039 - genDependencies : Invalid condition id : UX DEVICE CLASS RTOS Condition cause : null
2024-09-03 22:07:12,008 [WARN] ConditionMgr:1039 - genDependencies : Invalid condition id : UX DEVICE CLASS RTOS Condition cause : null
2024-09-03 22:07:12,008 [WARN] ConditionMgr:1039 - genDependencies : Invalid condition id : UX DEVICE CLASS RTOS Condition cause : null
2024-09-03 22:07:12,012 [WARN] PackLoader:240 - Cannot read IP mode file for STMicroelectronics.FP-SNS-STBOX1.2.0.0
2024-09-03 22:07:12,019 [WARN] PackLoader:240 - Cannot read IP mode file for STMicroelectronics.X-CUBE-SUBG2.5.0.0
2024-09-03 22:07:12,024 [WARN] PackLoader:240 - Cannot read IP mode file for Cesanta.I-CUBE-Mongoose.7.13.0
2024-09-03 22:07:12,031 [WARN] PackLoader:240 - Cannot read IP mode file for STMicroelectronics.X-CUBE-AZRTOS-G4.2.0.0
2024-09-03 22:07:12,034 [WARN] PackLoader:240 - Cannot read IP mode file for STMicroelectronics.X-CUBE-ISPU.2.0.0
2024-09-03 22:07:12,036 [WARN] PackLoader:240 - Cannot read IP mode file for STMicroelectronics.X-CUBE-ALS.1.0.2
2024-09-03 22:07:12,039 [WARN] PackLoader:240 - Cannot read IP mode file for STMicroelectronics.X-CUBE-TOUCHGFX.4.24.0
2024-09-03 22:07:12,040 [WARN] PackLoader:240 - Cannot read IP mode file for wolfSSL.I-CUBE-wolfTPM.3.4.0
2024-09-03 22:07:12,043 [WARN] PackLoader:240 - Cannot read IP mode file for portGmbH.I-Cube-SoM-uGOAL.1.1.0
2024-09-03 22:07:12,053 [WARN] PackLoader:240 - Cannot read IP mode file for STMicroelectronics.X-CUBE-AZRTOS-H7RS.1.0.0
2024-09-03 22:07:12,056 [WARN] PackLoader:240 - Cannot read IP mode file for STMicroelectronics.FP-ATR-ASTRA1.2.0.0
2024-09-03 22:07:12,062 [WARN] PackLoader:240 - Cannot read IP mode file for STMicroelectronics.X-CUBE-TOF1.3.4.2
2024-09-03 22:07:12,085 [WARN] PackLoader:240 - Cannot read IP mode file for Infineon.AIROC-Wi-Fi-Bluetooth-STM32.1.6.1
2024-09-03 22:07:12,090 [WARN] PackLoader:240 - Cannot read IP mode file for wolfSSL.I-CUBE-wolfSSH.1.4.17
2024-09-03 22:07:12,091 [INFO] ThirdParty:978 - Integrity check success = true
2024-09-03 22:07:12,091 [INFO] IntegrityCheckThread:100 - exiting critical section [integrity check]
2024-09-03 22:07:12,091 [INFO] IntegrityCheckThread:103 - End integrity checks thread
2024-09-03 22:18:27,596 [ERROR] ConfigurationRetriever:142 - IOException on connection: Read timed out
2024-09-03 22:18:28,535 [ERROR] LogOutputStream:75 - [STDERR_REDIRECT] 
2024-09-03 22:18:41,766 [INFO] Activator:176 - 


2024-09-03 22:18:41,767 [INFO] Activator:177 - !SESSION log4j initialized
2024-09-03 22:18:44,918 [INFO] LogOutputStream:77 - [STDOUT_REDIRECT] 
2024-09-03 22:18:45,238 [INFO] ApplicationProperties:184 - Using Application install path: /home/artyom/st/stm32cubeide_1.16.0_2/plugins/com.st.stm32cube.common.mx_6.12.0.202406281431
2024-09-03 22:18:45,249 [INFO] DbMcusXml:78 - Set database path to: /home/artyom/st/stm32cubeide_1.16.0_2/plugins/com.st.stm32cube.common.mx_6.12.0.202406281431//db//mcu/
2024-09-03 22:18:45,249 [INFO] ApiDb:274 - Set plugin database path to: /home/artyom/st/stm32cubeide_1.16.0_2/plugins/com.st.stm32cube.common.mx_6.12.0.202406281431//db//plugins/boardmanager/
2024-09-03 22:18:45,250 [WARN] ApiDb:259 - Overriding images path with different value:  => /home/artyom/st/stm32cubeide_1.16.0_2/plugins/com.st.stm32cube.common.mx_6.12.0.202406281431//db//plugins/mcufinder/images/
2024-09-03 22:18:45,252 [INFO] ApiDb:250 - Set database path to: /home/artyom/.stmcufinder/plugins/mcufinder//mcu/
2024-09-03 22:18:45,253 [INFO] DbMcusAds:125 - Set database path to: /home/artyom/.stmcufinder/plugins/mcufinder//mcu/
2024-09-03 22:18:45,254 [INFO] CrossReferenceDbSqlite:203 - Set database path to: /home/artyom/.stmcufinder/plugins/mcufinder//mcu/cs/
2024-09-03 22:18:45,325 [INFO] RulesReader:64 - Compatibility file has been processed (297 Rules)
2024-09-03 22:18:45,361 [INFO] DbMcusXml:78 - Set database path to: /home/artyom/st/stm32cubeide_1.16.0_2/plugins/com.st.stm32cube.common.mx_6.12.0.202406281431//db//mcu/
2024-09-03 22:18:45,361 [INFO] ApiDb:274 - Set plugin database path to: /home/artyom/st/stm32cubeide_1.16.0_2/plugins/com.st.stm32cube.common.mx_6.12.0.202406281431//db//plugins/boardmanager/
2024-09-03 22:18:45,362 [INFO] ApiDb:261 - Set plugin images path to: /home/artyom/st/stm32cubeide_1.16.0_2/plugins/com.st.stm32cube.common.mx_6.12.0.202406281431//db//plugins/mcufinder/images/
2024-09-03 22:18:45,362 [WARN] DbFile:41 - Overriding database path with different value: /home/artyom/.stmcufinder/plugins/mcufinder/ => /home/artyom/.stmcufinder/plugins/mcufinder
2024-09-03 22:18:45,362 [INFO] ApiDb:250 - Set database path to: /home/artyom/.stmcufinder/plugins/mcufinder//mcu/
2024-09-03 22:18:45,362 [WARN] DbFile:41 - Overriding database path with different value: /home/artyom/.stmcufinder/plugins/mcufinder/ => /home/artyom/.stmcufinder/plugins/mcufinder
2024-09-03 22:18:45,362 [INFO] DbMcusAds:125 - Set database path to: /home/artyom/.stmcufinder/plugins/mcufinder//mcu/
2024-09-03 22:18:45,362 [WARN] DbFile:41 - Overriding database path with different value: /home/artyom/.stmcufinder/plugins/mcufinder/ => /home/artyom/.stmcufinder/plugins/mcufinder
2024-09-03 22:18:45,362 [WARN] DbFile:41 - Overriding database path with different value: /home/artyom/.stmcufinder/plugins/mcufinder/ => /home/artyom/.stmcufinder/plugins/mcufinder
2024-09-03 22:18:45,362 [INFO] CrossReferenceDbSqlite:203 - Set database path to: /home/artyom/.stmcufinder/plugins/mcufinder//mcu/cs/
2024-09-03 22:18:45,403 [INFO] MainPanel:268 - HeapMemory: 268435456
2024-09-03 22:18:45,475 [INFO] DbMcusXml:78 - Set database path to: /home/artyom/st/stm32cubeide_1.16.0_2/plugins/com.st.stm32cube.common.mx_6.12.0.202406281431//db//mcu/
2024-09-03 22:18:45,476 [INFO] ApiDb:274 - Set plugin database path to: /home/artyom/st/stm32cubeide_1.16.0_2/plugins/com.st.stm32cube.common.mx_6.12.0.202406281431//db//plugins/boardmanager/
2024-09-03 22:18:45,476 [INFO] ApiDb:261 - Set plugin images path to: /home/artyom/st/stm32cubeide_1.16.0_2/plugins/com.st.stm32cube.common.mx_6.12.0.202406281431//db//plugins/mcufinder/images/
2024-09-03 22:18:45,476 [WARN] DbFile:41 - Overriding database path with different value: /home/artyom/.stmcufinder/plugins/mcufinder/ => /home/artyom/.stmcufinder/plugins/mcufinder
2024-09-03 22:18:45,476 [INFO] ApiDb:250 - Set database path to: /home/artyom/.stmcufinder/plugins/mcufinder//mcu/
2024-09-03 22:18:45,476 [WARN] DbFile:41 - Overriding database path with different value: /home/artyom/.stmcufinder/plugins/mcufinder/ => /home/artyom/.stmcufinder/plugins/mcufinder
2024-09-03 22:18:45,476 [INFO] DbMcusAds:125 - Set database path to: /home/artyom/.stmcufinder/plugins/mcufinder//mcu/
2024-09-03 22:18:45,476 [WARN] DbFile:41 - Overriding database path with different value: /home/artyom/.stmcufinder/plugins/mcufinder/ => /home/artyom/.stmcufinder/plugins/mcufinder
2024-09-03 22:18:45,476 [WARN] DbFile:41 - Overriding database path with different value: /home/artyom/.stmcufinder/plugins/mcufinder/ => /home/artyom/.stmcufinder/plugins/mcufinder
2024-09-03 22:18:45,476 [INFO] CrossReferenceDbSqlite:203 - Set database path to: /home/artyom/.stmcufinder/plugins/mcufinder//mcu/cs/
2024-09-03 22:18:45,485 [INFO] ApplicationProperties:184 - Using Application install path: /home/artyom/st/stm32cubeide_1.16.0_2/plugins/com.st.stm32cube.common.mx_6.12.0.202406281431
2024-09-03 22:18:45,486 [INFO] PluginManage:196 - Search for loadable plugins [exclusion list=, ]
2024-09-03 22:18:45,487 [INFO] PluginManage:310 - Check plugin analytics
2024-09-03 22:18:45,578 [INFO] AnalyticsPlugin:253 - Accepted Software Licenses: 
2024-09-03 22:18:45,578 [INFO] AnalyticsPlugin:255 - Accepted CMSIS Pack Licenses: 
2024-09-03 22:18:45,578 [INFO] AnalyticsPlugin:257 - Accepted Firmware Licenses: 
2024-09-03 22:18:45,580 [INFO] PluginManage:359 - Loaded plugin analytics (category:tool,tabindex:-1)
2024-09-03 22:18:45,580 [INFO] PluginManage:310 - Check plugin cadmodel
2024-09-03 22:18:45,582 [INFO] CADModel:105 - Init CAD model plugin
2024-09-03 22:18:45,582 [INFO] PluginManage:359 - Loaded plugin cadmodel (category:power,tabindex:5)
2024-09-03 22:18:45,582 [INFO] PluginManage:310 - Check plugin clock
2024-09-03 22:18:45,587 [INFO] PluginManage:359 - Loaded plugin clock (category:base,tabindex:2)
2024-09-03 22:18:45,587 [INFO] PluginManage:310 - Check plugin ddr
2024-09-03 22:18:45,588 [INFO] PluginManage:359 - Loaded plugin ddr (category:tool,tabindex:6)
2024-09-03 22:18:45,588 [INFO] PluginManage:310 - Check plugin filemanager
2024-09-03 22:18:45,678 [INFO] PluginManage:359 - Loaded plugin filemanager (category:base,tabindex:10)
2024-09-03 22:18:45,678 [INFO] PluginManage:310 - Check plugin ipmanager
2024-09-03 22:18:45,681 [INFO] PluginManage:359 - Loaded plugin ipmanager (category:base,tabindex:5)
2024-09-03 22:18:45,681 [INFO] PluginManage:310 - Check plugin lpbam
2024-09-03 22:18:45,686 [INFO] PluginManage:359 - Loaded plugin lpbam (category:base,tabindex:0)
2024-09-03 22:18:45,687 [INFO] PluginManage:310 - Check plugin memorymap
2024-09-03 22:18:45,693 [INFO] PluginManage:359 - Loaded plugin memorymap (category:base,tabindex:4)
2024-09-03 22:18:45,693 [INFO] PluginManage:310 - Check plugin pinoutandconfiguration
2024-09-03 22:18:45,697 [INFO] PluginManage:359 - Loaded plugin pinoutandconfiguration (category:base,tabindex:1)
2024-09-03 22:18:45,697 [INFO] PluginManage:310 - Check plugin pinoutconfig
2024-09-03 22:18:45,746 [WARN] SupportedApi:132 - Cannot load RTOS API schema: s4s-elt-must-match.1: The content of 'definitions' must match (annotation?, (simpleType | complexType)?, (unique | key | keyref)*)). A problem was found starting at: attribute.
2024-09-03 22:18:45,821 [INFO] PluginManage:359 - Loaded plugin pinoutconfig (category:base,tabindex:0)
2024-09-03 22:18:45,821 [INFO] PluginManage:310 - Check plugin power
2024-09-03 22:18:45,825 [INFO] PluginManage:359 - Loaded plugin power (category:power,tabindex:4)
2024-09-03 22:18:45,825 [INFO] PluginManage:310 - Check plugin projectmanager
2024-09-03 22:18:45,834 [INFO] PluginManage:359 - Loaded plugin projectmanager (category:projectmanager,tabindex:4)
2024-09-03 22:18:45,835 [INFO] PluginManage:310 - Check plugin rif
2024-09-03 22:18:45,837 [INFO] PluginManage:359 - Loaded plugin rif (category:base,tabindex:3)
2024-09-03 22:18:45,837 [INFO] PluginManage:310 - Check plugin thirdparty
2024-09-03 22:18:45,903 [INFO] PluginManage:359 - Loaded plugin thirdparty (category:base,tabindex:-1)
2024-09-03 22:18:45,903 [WARN] IntegrityCheckThread:84 - waiting for thirdparty lock release [integrity check]
2024-09-03 22:18:45,903 [INFO] PluginManage:310 - Check plugin tools
2024-09-03 22:18:45,903 [INFO] IntegrityCheckThread:86 - entering critical section [integrity check]
2024-09-03 22:18:45,904 [INFO] ThirdPartyUpdaterWithRetryManager:70 - Updater plugin not ready yet. [1/15]
2024-09-03 22:18:45,905 [INFO] PluginManage:359 - Loaded plugin tools (category:base,tabindex:7)
2024-09-03 22:18:45,905 [INFO] PluginManage:310 - Check plugin tutovideos
2024-09-03 22:18:46,009 [INFO] PluginManage:359 - Loaded plugin tutovideos (category:base,tabindex:-1)
2024-09-03 22:18:46,009 [INFO] PluginManage:310 - Check plugin updater
2024-09-03 22:18:46,021 [INFO] PluginManage:359 - Loaded plugin updater (category:base,tabindex:12)
2024-09-03 22:18:46,021 [INFO] PluginManage:310 - Check plugin userauth
2024-09-03 22:18:46,025 [INFO] UserAuth:113 - Init User Auth plugin
2024-09-03 22:18:46,025 [INFO] PluginManage:359 - Loaded plugin userauth (category:base,tabindex:14)
2024-09-03 22:18:46,025 [INFO] PluginManage:283 - PluginManage : Loaded plugins [18]
2024-09-03 22:18:46,128 [INFO] PinOutPanel:1561 - setPackage(No Configuration,No Configuration)
2024-09-03 22:18:46,172 [INFO] CADModel:165 - CPN selected for project level
2024-09-03 22:18:46,172 [INFO] CADModel:114 - Register for checkConnection events
2024-09-03 22:18:46,177 [INFO] IPUIPlugin:80 - create IPUIPlugin
2024-09-03 22:18:46,177 [INFO] PluginManager:220 - loadIPPluginJar : add comp
2024-09-03 22:18:46,179 [INFO] IPUIPlugin:80 - create IPUIPlugin
2024-09-03 22:18:46,180 [INFO] PluginManager:220 - loadIPPluginJar : add gic
2024-09-03 22:18:46,182 [INFO] IPUIPlugin:80 - create IPUIPlugin
2024-09-03 22:18:46,182 [INFO] PluginManager:220 - loadIPPluginJar : add i2s
2024-09-03 22:18:46,185 [INFO] IPUIPlugin:80 - create IPUIPlugin
2024-09-03 22:18:46,186 [INFO] PluginManager:220 - loadIPPluginJar : add stm32_wpan
2024-09-03 22:18:46,187 [INFO] IPUIPlugin:80 - create IPUIPlugin
2024-09-03 22:18:46,187 [INFO] PluginManager:220 - loadIPPluginJar : add can
2024-09-03 22:18:46,188 [INFO] IPUIPlugin:80 - create IPUIPlugin
2024-09-03 22:18:46,188 [INFO] PluginManager:220 - loadIPPluginJar : add ddr_ctrl_phy
2024-09-03 22:18:46,188 [INFO] IPUIPlugin:80 - create IPUIPlugin
2024-09-03 22:18:46,188 [INFO] PluginManager:220 - loadIPPluginJar : add tsc
2024-09-03 22:18:46,190 [INFO] IPUIPlugin:80 - create IPUIPlugin
2024-09-03 22:18:46,190 [INFO] PluginManager:220 - loadIPPluginJar : add nvic
2024-09-03 22:18:46,190 [INFO] IPUIPlugin:80 - create IPUIPlugin
2024-09-03 22:18:46,190 [INFO] PluginManager:220 - loadIPPluginJar : add fatfs
2024-09-03 22:18:46,192 [INFO] IPUIPlugin:80 - create IPUIPlugin
2024-09-03 22:18:46,192 [INFO] PluginManager:220 - loadIPPluginJar : add resmgrutility
2024-09-03 22:18:46,193 [INFO] IPUIPlugin:80 - create IPUIPlugin
2024-09-03 22:18:46,193 [INFO] PluginManager:220 - loadIPPluginJar : add openamp
2024-09-03 22:18:46,193 [INFO] IPUIPlugin:80 - create IPUIPlugin
2024-09-03 22:18:46,193 [INFO] PluginManager:220 - loadIPPluginJar : add genericplugin
2024-09-03 22:18:46,197 [INFO] IPUIPlugin:80 - create IPUIPlugin
2024-09-03 22:18:46,197 [INFO] PluginManager:220 - loadIPPluginJar : add mdma
2024-09-03 22:18:46,197 [INFO] IPUIPlugin:80 - create IPUIPlugin
2024-09-03 22:18:46,197 [INFO] PluginManager:220 - loadIPPluginJar : add gfxmmu
2024-09-03 22:18:46,199 [INFO] IPUIPlugin:80 - create IPUIPlugin
2024-09-03 22:18:46,199 [INFO] PluginManager:220 - loadIPPluginJar : add extmemmanager
2024-09-03 22:18:46,200 [INFO] IPUIPlugin:80 - create IPUIPlugin
2024-09-03 22:18:46,200 [INFO] PluginManager:220 - loadIPPluginJar : add sai
2024-09-03 22:18:46,202 [INFO] IPUIPlugin:80 - create IPUIPlugin
2024-09-03 22:18:46,203 [INFO] PluginManager:220 - loadIPPluginJar : add freertos
2024-09-03 22:18:46,203 [INFO] IPUIPlugin:80 - create IPUIPlugin
2024-09-03 22:18:46,203 [INFO] PluginManager:220 - loadIPPluginJar : add cryp
2024-09-03 22:18:46,205 [INFO] IPUIPlugin:80 - create IPUIPlugin
2024-09-03 22:18:46,205 [INFO] PluginManager:220 - loadIPPluginJar : add touchsensing
2024-09-03 22:18:46,206 [INFO] IPUIPlugin:80 - create IPUIPlugin
2024-09-03 22:18:46,206 [INFO] PluginManager:220 - loadIPPluginJar : add tracer_emb
2024-09-03 22:18:46,207 [INFO] IPUIPlugin:80 - create IPUIPlugin
2024-09-03 22:18:46,207 [INFO] PluginManager:220 - loadIPPluginJar : add lorawan
2024-09-03 22:18:46,210 [INFO] IPUIPlugin:80 - create IPUIPlugin
2024-09-03 22:18:46,210 [INFO] PluginManager:220 - loadIPPluginJar : add dma
2024-09-03 22:18:46,210 [INFO] IPUIPlugin:80 - create IPUIPlugin
2024-09-03 22:18:46,211 [INFO] PluginManager:220 - loadIPPluginJar : add hash
2024-09-03 22:18:46,212 [INFO] IPUIPlugin:80 - create IPUIPlugin
2024-09-03 22:18:46,213 [INFO] PluginManager:220 - loadIPPluginJar : add gpio
2024-09-03 22:18:46,214 [INFO] IPUIPlugin:80 - create IPUIPlugin
2024-09-03 22:18:46,214 [INFO] PluginManager:220 - loadIPPluginJar : add ucpd
2024-09-03 22:18:46,214 [INFO] IPUIPlugin:80 - create IPUIPlugin
2024-09-03 22:18:46,214 [INFO] PluginManager:220 - loadIPPluginJar : add quadspi
2024-09-03 22:18:46,215 [INFO] IPUIPlugin:80 - create IPUIPlugin
2024-09-03 22:18:46,215 [INFO] PluginManager:220 - loadIPPluginJar : add ts
2024-09-03 22:18:46,216 [INFO] IPUIPlugin:80 - create IPUIPlugin
2024-09-03 22:18:46,216 [INFO] PluginManager:220 - loadIPPluginJar : add radio
2024-09-03 22:18:46,218 [INFO] IPUIPlugin:80 - create IPUIPlugin
2024-09-03 22:18:46,218 [INFO] PluginManager:220 - loadIPPluginJar : add fmc
2024-09-03 22:18:46,219 [INFO] IPUIPlugin:80 - create IPUIPlugin
2024-09-03 22:18:46,219 [INFO] PluginManager:220 - loadIPPluginJar : add usbx
2024-09-03 22:18:46,222 [INFO] IPUIPlugin:80 - create IPUIPlugin
2024-09-03 22:18:46,222 [INFO] PluginManager:220 - loadIPPluginJar : add adc
2024-09-03 22:18:46,223 [INFO] IPUIPlugin:80 - create IPUIPlugin
2024-09-03 22:18:46,223 [INFO] PluginManager:220 - loadIPPluginJar : add dma3
2024-09-03 22:18:46,224 [INFO] IPUIPlugin:80 - create IPUIPlugin
2024-09-03 22:18:46,224 [INFO] PluginManager:220 - loadIPPluginJar : add gtzc
2024-09-03 22:18:46,225 [INFO] IPUIPlugin:80 - create IPUIPlugin
2024-09-03 22:18:46,225 [INFO] PluginManager:220 - loadIPPluginJar : add usart
2024-09-03 22:18:46,226 [INFO] IPUIPlugin:80 - create IPUIPlugin
2024-09-03 22:18:46,226 [INFO] PluginManager:220 - loadIPPluginJar : add spi
2024-09-03 22:18:46,227 [INFO] IPUIPlugin:80 - create IPUIPlugin
2024-09-03 22:18:46,227 [INFO] PluginManager:220 - loadIPPluginJar : add i3c
2024-09-03 22:18:46,227 [INFO] IPUIPlugin:80 - create IPUIPlugin
2024-09-03 22:18:46,227 [INFO] PluginManager:220 - loadIPPluginJar : add ltdc
2024-09-03 22:18:46,228 [INFO] IPUIPlugin:80 - create IPUIPlugin
2024-09-03 22:18:46,228 [INFO] PluginManager:220 - loadIPPluginJar : add i2c
2024-09-03 22:18:46,229 [INFO] IPUIPlugin:80 - create IPUIPlugin
2024-09-03 22:18:46,229 [INFO] PluginManager:220 - loadIPPluginJar : add dfsdm
2024-09-03 22:18:46,230 [INFO] IPUIPlugin:80 - create IPUIPlugin
2024-09-03 22:18:46,230 [INFO] PluginManager:220 - loadIPPluginJar : add pdm2pcm
2024-09-03 22:18:46,232 [INFO] IPUIPlugin:80 - create IPUIPlugin
2024-09-03 22:18:46,232 [INFO] PluginManager:220 - loadIPPluginJar : add ipddr
2024-09-03 22:18:46,233 [INFO] IPUIPlugin:80 - create IPUIPlugin
2024-09-03 22:18:46,233 [INFO] PluginManager:220 - loadIPPluginJar : add aes
2024-09-03 22:18:46,233 [INFO] IPUIPlugin:80 - create IPUIPlugin
2024-09-03 22:18:46,233 [INFO] PluginManager:220 - loadIPPluginJar : add tim
2024-09-03 22:18:46,236 [INFO] IPUIPlugin:80 - create IPUIPlugin
2024-09-03 22:18:46,238 [INFO] PluginManager:220 - loadIPPluginJar : add plateformsettings
2024-09-03 22:18:46,241 [INFO] IPUIPlugin:80 - create IPUIPlugin
2024-09-03 22:18:46,241 [INFO] PluginManager:220 - loadIPPluginJar : add linkedlist
2024-09-03 22:18:46,242 [INFO] IPUIPlugin:80 - create IPUIPlugin
2024-09-03 22:18:46,242 [INFO] PluginManager:220 - loadIPPluginJar : add opamp
2024-09-03 22:18:46,331 [INFO] CADModel:165 - CPN selected for project level
2024-09-03 22:18:46,331 [INFO] CADModel:114 - Register for checkConnection events
2024-09-03 22:18:46,331 [FATAL] Updater:334 - Updater called before beeing initialized
2024-09-03 22:18:46,331 [ERROR] CADModel:125 - Updater not yet initialized, retry later 
2024-09-03 22:18:46,414 [INFO] CADModel:165 - CPN selected for project level
2024-09-03 22:18:46,414 [INFO] CADModel:114 - Register for checkConnection events
2024-09-03 22:18:46,414 [FATAL] Updater:334 - Updater called before beeing initialized
2024-09-03 22:18:46,414 [ERROR] CADModel:125 - Updater not yet initialized, retry later 
2024-09-03 22:18:46,417 [FATAL] Updater:334 - Updater called before beeing initialized
2024-09-03 22:18:46,465 [FATAL] Updater:334 - Updater called before beeing initialized
2024-09-03 22:18:46,467 [INFO] DbMcusAds:53 - JSON generation date=Thu May 16 12:22:00 IDT 2024 (1715851320667)
2024-09-03 22:18:46,467 [FATAL] Updater:334 - Updater called before beeing initialized
2024-09-03 22:18:46,490 [WARN] DetailPanel:346 - Failed to get advertising image, set to default
2024-09-03 22:18:46,558 [FATAL] Updater:334 - Updater called before beeing initialized
2024-09-03 22:18:46,559 [FATAL] Updater:334 - Updater called before beeing initialized
2024-09-03 22:18:46,559 [FATAL] Updater:334 - Updater called before beeing initialized
2024-09-03 22:18:46,559 [WARN] DetailPanel:346 - Failed to get advertising image, set to default
2024-09-03 22:18:46,560 [FATAL] Updater:334 - Updater called before beeing initialized
2024-09-03 22:18:46,581 [ERROR] Updater:1164 - MainUpdater not yet initialized. External WinMGr cannot be set.
2024-09-03 22:18:46,582 [INFO] Updater:1100 - Updater Version found : 6.12.0
2024-09-03 22:18:46,593 [INFO] ApplicationProperties:184 - Using Application install path: /home/artyom/st/stm32cubeide_1.16.0_2/plugins/com.st.stm32cube.common.mx_6.12.0.202406281431
2024-09-03 22:18:46,824 [INFO] MainUpdater:2873 - connection check result : 10
2024-09-03 22:18:46,825 [INFO] MainUpdater:290 - Updater Check For Update Now.
2024-09-03 22:18:46,825 [INFO] MicroXplorer:498 - Change Database Version : DB.6.0.120
2024-09-03 22:18:46,828 [INFO] McuFinderGlobals:63 - Set McuFinder mode to 2 (CubeIDE integrated)
2024-09-03 22:18:46,828 [INFO] UserAuth:179 - activating auth plugin
2024-09-03 22:18:46,829 [INFO] UserAuth:417 - Internet connection configuration mode: 1
2024-09-03 22:18:46,836 [INFO] JxBrowserEngine:152 - Initiate JxBrowser Engine with user profile folder
2024-09-03 22:18:46,973 [INFO] CheckServerUpdateThread:120 - End of CheckServer Thread
2024-09-03 22:18:47,261 [INFO] WebApp:167 - Instantiating new browser for Auth
2024-09-03 22:18:47,700 [INFO] WebApp:448 - Apply proxy settings
2024-09-03 22:18:47,700 [INFO] WebApp:533 - Chromium requires no authentication
2024-09-03 22:18:47,706 [INFO] WebApp:476 - Direct internet connection detected
2024-09-03 22:18:47,720 [INFO] WebApp:869 - Register for checkConnection events
2024-09-03 22:18:47,720 [INFO] WebApp:448 - Apply proxy settings
2024-09-03 22:18:47,721 [INFO] WebApp:533 - Chromium requires no authentication
2024-09-03 22:18:47,721 [INFO] WebApp:476 - Direct internet connection detected
2024-09-03 22:18:47,863 [INFO] WebApp:220 - Starting web application
2024-09-03 22:18:47,863 [INFO] WebApp:578 - Web application path used /home/artyom/st/stm32cubeide_1.16.0_2/plugins/com.st.stm32cube.common.mx_6.12.0.202406281431/db/plugins/mcufinder/reactClient1/index.html
2024-09-03 22:18:48,421 [INFO] WebApp:186 - Connection restablished
2024-09-03 22:18:48,967 [WARN] PackLoader:240 - Cannot read IP mode file for STMicroelectronics.FP-SNS-MOTENVWB1.1.4.0
2024-09-03 22:18:48,972 [WARN] PackLoader:240 - Cannot read IP mode file for STMicroelectronics.X-CUBE-SMBUS.2.1.0
2024-09-03 22:18:48,996 [WARN] PackLoader:240 - Cannot read IP mode file for STMicroelectronics.X-CUBE-AZRTOS-F7.1.1.0
2024-09-03 22:18:49,058 [WARN] PackLoader:240 - Cannot read IP mode file for STMicroelectronics.X-CUBE-MEMS1.11.0.0
2024-09-03 22:18:49,206 [WARN] PackLoader:240 - Cannot read IP mode file for STMicroelectronics.FP-SNS-FLIGHT1.5.0.2
2024-09-03 22:18:49,213 [WARN] PackLoader:240 - Cannot read IP mode file for STMicroelectronics.X-CUBE-DISPLAY.3.0.0
2024-09-03 22:18:49,223 [WARN] PackLoader:240 - Cannot read IP mode file for STMicroelectronics.X-CUBE-BLE1.7.0.0
2024-09-03 22:18:49,227 [WARN] PackLoader:240 - Cannot read IP mode file for emotas.I-CUBE-CANOPEN.1.3.0
2024-09-03 22:18:49,233 [WARN] PackLoader:240 - Cannot read IP mode file for STMicroelectronics.X-CUBE-BLEMGR.3.1.0
2024-09-03 22:18:49,237 [WARN] PackLoader:240 - Cannot read IP mode file for STMicroelectronics.FP-SNS-SMARTAG2.1.2.0
2024-09-03 22:18:49,241 [INFO] LogOutputStream:77 - [STDOUT_REDIRECT] 1 : Invalid condition id : UX_CORESTACK_Condition cause : null
2024-09-03 22:18:49,241 [INFO] LogOutputStream:77 - [STDOUT_REDIRECT] 1 : Invalid condition id : UX_CORESTACK_Condition cause : null
2024-09-03 22:18:49,242 [INFO] LogOutputStream:77 - [STDOUT_REDIRECT] 1 : Invalid condition id : UX_CORESTACK_Condition cause : null
2024-09-03 22:18:49,242 [INFO] LogOutputStream:77 - [STDOUT_REDIRECT] 1 : Invalid condition id : UX_CORESTACK_Condition cause : null
2024-09-03 22:18:49,242 [INFO] LogOutputStream:77 - [STDOUT_REDIRECT] 1 : Invalid condition id : UX_CORESTACK_Condition cause : null
2024-09-03 22:18:49,244 [WARN] PackLoader:240 - Cannot read IP mode file for STMicroelectronics.X-CUBE-AZRTOS-WL.2.0.0
2024-09-03 22:18:49,246 [WARN] PackLoader:240 - Cannot read IP mode file for STMicroelectronics.FP-SNS-MOTENV1.5.0.0
2024-09-03 22:18:49,248 [WARN] PackLoader:240 - Cannot read IP mode file for wolfSSL.I-CUBE-wolfMQTT.1.19.0
2024-09-03 22:18:49,251 [WARN] PackLoader:240 - Cannot read IP mode file for WES.I-CUBE-Cesium.1.3.0
2024-09-03 22:18:49,252 [WARN] PackLoader:240 - Cannot read IP mode file for STMicroelectronics.X-CUBE-BLE2.3.3.0
2024-09-03 22:18:49,255 [WARN] PackLoader:240 - Cannot read IP mode file for STMicroelectronics.X-CUBE-TCPP.4.1.0
2024-09-03 22:18:49,264 [WARN] PackLoader:240 - Cannot read IP mode file for STMicroelectronics.X-CUBE-AZRTOS-G0.1.1.0
2024-09-03 22:18:49,268 [WARN] PackLoader:240 - Cannot read IP mode file for STMicroelectronics.X-CUBE-SAFEA1.1.2.2
2024-09-03 22:18:49,271 [WARN] PackLoader:240 - Cannot read IP mode file for STMicroelectronics.X-CUBE-NFC4.3.0.0
2024-09-03 22:18:49,276 [WARN] PackLoader:240 - Cannot read IP mode file for EmbeddedOffice.I-CUBE-FS-RTOS.1.0.1
2024-09-03 22:18:49,276 [ERROR] ConditionMgr:805 - Attr not supported : Dmpu
2024-09-03 22:18:49,276 [ERROR] ConditionMgr:805 - Attr not supported : Dmpu
2024-09-03 22:18:49,276 [ERROR] ConditionMgr:805 - Attr not supported : Dmpu
2024-09-03 22:18:49,276 [ERROR] ConditionMgr:805 - Attr not supported : Dmpu
2024-09-03 22:18:49,276 [ERROR] ConditionMgr:805 - Attr not supported : Dmpu
2024-09-03 22:18:49,276 [ERROR] ConditionMgr:805 - Attr not supported : Dmpu
2024-09-03 22:18:49,276 [ERROR] ConditionMgr:805 - Attr not supported : Dmpu
2024-09-03 22:18:49,276 [ERROR] ConditionMgr:805 - Attr not supported : Dmpu
2024-09-03 22:18:49,276 [ERROR] ConditionMgr:805 - Attr not supported : Dmpu
2024-09-03 22:18:49,276 [ERROR] ConditionMgr:805 - Attr not supported : Dmpu
2024-09-03 22:18:49,276 [ERROR] ConditionMgr:805 - Attr not supported : Dmpu
2024-09-03 22:18:49,276 [ERROR] ConditionMgr:805 - Attr not supported : Dmpu
2024-09-03 22:18:49,276 [ERROR] ConditionMgr:805 - Attr not supported : Dmpu
2024-09-03 22:18:49,277 [ERROR] ConditionMgr:805 - Attr not supported : Dmpu
2024-09-03 22:18:49,277 [ERROR] ConditionMgr:805 - Attr not supported : Dmpu
2024-09-03 22:18:49,277 [ERROR] ConditionMgr:805 - Attr not supported : Dmpu
2024-09-03 22:18:49,277 [ERROR] ConditionMgr:805 - Attr not supported : Dmpu
2024-09-03 22:18:49,277 [ERROR] ConditionMgr:805 - Attr not supported : Dmpu
2024-09-03 22:18:49,277 [ERROR] ConditionMgr:805 - Attr not supported : Dmpu
2024-09-03 22:18:49,277 [ERROR] ConditionMgr:805 - Attr not supported : Dmpu
2024-09-03 22:18:49,277 [ERROR] ConditionMgr:805 - Attr not supported : Dmpu
2024-09-03 22:18:49,277 [ERROR] ConditionMgr:805 - Attr not supported : Dmpu
2024-09-03 22:18:49,277 [ERROR] ConditionMgr:805 - Attr not supported : Dmpu
2024-09-03 22:18:49,277 [ERROR] ConditionMgr:805 - Attr not supported : Dmpu
2024-09-03 22:18:49,277 [ERROR] ConditionMgr:805 - Attr not supported : Dmpu
2024-09-03 22:18:49,277 [ERROR] ConditionMgr:805 - Attr not supported : Dmpu
2024-09-03 22:18:49,278 [ERROR] ConditionMgr:805 - Attr not supported : Dmpu
2024-09-03 22:18:49,278 [ERROR] ConditionMgr:805 - Attr not supported : Dmpu
2024-09-03 22:18:49,278 [ERROR] ConditionMgr:805 - Attr not supported : Dmpu
2024-09-03 22:18:49,278 [ERROR] ConditionMgr:805 - Attr not supported : Dmpu
2024-09-03 22:18:49,278 [ERROR] ConditionMgr:805 - Attr not supported : Dmpu
2024-09-03 22:18:49,278 [ERROR] ConditionMgr:805 - Attr not supported : Dmpu
2024-09-03 22:18:49,278 [ERROR] ConditionMgr:805 - Attr not supported : Dmpu
2024-09-03 22:18:49,278 [ERROR] ConditionMgr:805 - Attr not supported : Dmpu
2024-09-03 22:18:49,278 [ERROR] ConditionMgr:805 - Attr not supported : Dmpu
2024-09-03 22:18:49,278 [ERROR] ConditionMgr:805 - Attr not supported : Dmpu
2024-09-03 22:18:49,278 [ERROR] ConditionMgr:805 - Attr not supported : Dmpu
2024-09-03 22:18:49,278 [ERROR] ConditionMgr:805 - Attr not supported : Dmpu
2024-09-03 22:18:49,278 [ERROR] ConditionMgr:805 - Attr not supported : Dmpu
2024-09-03 22:18:49,278 [ERROR] ConditionMgr:805 - Attr not supported : Dmpu
2024-09-03 22:18:49,278 [ERROR] ConditionMgr:805 - Attr not supported : Dmpu
2024-09-03 22:18:49,278 [ERROR] ConditionMgr:805 - Attr not supported : Dmpu
2024-09-03 22:18:49,278 [ERROR] ConditionMgr:805 - Attr not supported : Dmpu
2024-09-03 22:18:49,278 [ERROR] ConditionMgr:805 - Attr not supported : Dmpu
2024-09-03 22:18:49,278 [ERROR] ConditionMgr:805 - Attr not supported : Dmpu
2024-09-03 22:18:49,279 [ERROR] ConditionMgr:805 - Attr not supported : Dmpu
2024-09-03 22:18:49,279 [ERROR] ConditionMgr:805 - Attr not supported : Dmpu
2024-09-03 22:18:49,279 [ERROR] ConditionMgr:805 - Attr not supported : Dmpu
2024-09-03 22:18:49,279 [ERROR] ConditionMgr:805 - Attr not supported : Dmpu
2024-09-03 22:18:49,279 [ERROR] ConditionMgr:805 - Attr not supported : Dmpu
2024-09-03 22:18:49,279 [ERROR] ConditionMgr:805 - Attr not supported : Dmpu
2024-09-03 22:18:49,279 [ERROR] ConditionMgr:805 - Attr not supported : Dmpu
2024-09-03 22:18:49,279 [ERROR] ConditionMgr:805 - Attr not supported : Dmpu
2024-09-03 22:18:49,279 [ERROR] ConditionMgr:805 - Attr not supported : Dmpu
2024-09-03 22:18:49,279 [ERROR] ConditionMgr:805 - Attr not supported : Dmpu
2024-09-03 22:18:49,279 [ERROR] ConditionMgr:805 - Attr not supported : Dmpu
2024-09-03 22:18:49,279 [ERROR] ConditionMgr:805 - Attr not supported : Dmpu
2024-09-03 22:18:49,279 [ERROR] ConditionMgr:805 - Attr not supported : Dmpu
2024-09-03 22:18:49,279 [ERROR] ConditionMgr:805 - Attr not supported : Dmpu
2024-09-03 22:18:49,279 [ERROR] ConditionMgr:805 - Attr not supported : Dmpu
2024-09-03 22:18:49,279 [ERROR] ConditionMgr:805 - Attr not supported : Dmpu
2024-09-03 22:18:49,279 [ERROR] ConditionMgr:805 - Attr not supported : Dmpu
2024-09-03 22:18:49,279 [ERROR] ConditionMgr:805 - Attr not supported : Dmpu
2024-09-03 22:18:49,279 [ERROR] ConditionMgr:805 - Attr not supported : Dmpu
2024-09-03 22:18:49,281 [WARN] PackLoader:240 - Cannot read IP mode file for RealThread.X-CUBE-RT-Thread_Nano.4.1.1
2024-09-03 22:18:49,283 [WARN] PackLoader:240 - Cannot read IP mode file for STMicroelectronics.FP-ATR-SIGFOX1.3.2.0
2024-09-03 22:18:49,284 [WARN] PackLoader:240 - Cannot read IP mode file for wolfSSL.I-CUBE-wolfSSL.5.7.2
2024-09-03 22:18:49,286 [WARN] PackLoader:240 - Cannot read IP mode file for STMicroelectronics.X-CUBE-EEPRMA1.5.1.0
2024-09-03 22:18:49,289 [WARN] PackLoader:240 - Cannot read IP mode file for ITTIA_DB.I-CUBE-ITTIADB.8.9.0
2024-09-03 22:18:49,309 [WARN] PackLoader:240 - Cannot read IP mode file for SEGGER.I-CUBE-embOS.1.3.1
2024-09-03 22:18:49,339 [WARN] PackLoader:240 - Cannot read IP mode file for STMicroelectronics.X-CUBE-ALGOBUILD.1.4.0
2024-09-03 22:18:49,342 [WARN] PackLoader:240 - Cannot read IP mode file for STMicroelectronics.X-CUBE-GNSS1.6.0.0
2024-09-03 22:18:49,351 [WARN] PackLoader:240 - Cannot read IP mode file for STMicroelectronics.X-CUBE-AZRTOS-F4.1.1.0
2024-09-03 22:18:49,354 [WARN] PackLoader:240 - Cannot read IP mode file for STMicroelectronics.X-CUBE-FREERTOS.1.2.0
2024-09-03 22:18:49,362 [WARN] PackLoader:240 - Cannot read IP mode file for STMicroelectronics.X-CUBE-AZRTOS-L5.2.0.0
2024-09-03 22:18:49,366 [WARN] PackLoader:240 - Cannot read IP mode file for STMicroelectronics.X-CUBE-NFC6.3.1.0
2024-09-03 22:18:49,369 [WARN] PackLoader:240 - Cannot read IP mode file for STMicroelectronics.X-CUBE-DPower.1.2.0
2024-09-03 22:18:49,370 [WARN] PackLoader:240 - Cannot read IP mode file for STMicroelectronics.X-CUBE-AI.9.0.0
2024-09-03 22:18:49,372 [WARN] PackLoader:240 - Cannot read IP mode file for STMicroelectronics.X-CUBE-NFC7.1.0.1
2024-09-03 22:18:49,381 [WARN] ConditionMgr:438 - getConditionDescription Invalid condition id : LAN8742 Phy interface Condition cause : null
2024-09-03 22:18:49,382 [WARN] PackLoader:240 - Cannot read IP mode file for STMicroelectronics.X-CUBE-AZRTOS-L4.2.0.0
2024-09-03 22:18:49,382 [WARN] ConditionMgr:1039 - genDependencies : Invalid condition id : LAN8742 Phy interface Condition cause : null
2024-09-03 22:18:49,382 [WARN] ConditionMgr:1039 - genDependencies : Invalid condition id : LAN8742 Phy interface Condition cause : null
2024-09-03 22:18:49,383 [WARN] ConditionMgr:1039 - genDependencies : Invalid condition id : LAN8742 Phy interface Condition cause : null
2024-09-03 22:18:49,386 [WARN] PackLoader:240 - Cannot read IP mode file for STMicroelectronics.X-CUBE-SFXS2LP1.4.0.0
2024-09-03 22:18:49,399 [WARN] PackLoader:240 - Cannot read IP mode file for STMicroelectronics.X-CUBE-AZRTOS-H7.3.3.0
2024-09-03 22:18:49,407 [WARN] ConditionMgr:438 - getConditionDescription Invalid condition id : UX DEVICE CLASS RTOS Condition cause : null
2024-09-03 22:18:49,407 [WARN] ConditionMgr:438 - getConditionDescription Invalid condition id : UX DEVICE CLASS RTOS Condition cause : null
2024-09-03 22:18:49,411 [WARN] PackLoader:240 - Cannot read IP mode file for STMicroelectronics.X-CUBE-AZRTOS-WB.2.0.0
2024-09-03 22:18:49,411 [WARN] ConditionMgr:1039 - genDependencies : Invalid condition id : UX DEVICE CLASS RTOS Condition cause : null
2024-09-03 22:18:49,411 [WARN] ConditionMgr:1039 - genDependencies : Invalid condition id : UX DEVICE CLASS RTOS Condition cause : null
2024-09-03 22:18:49,411 [WARN] ConditionMgr:1039 - genDependencies : Invalid condition id : UX DEVICE CLASS RTOS Condition cause : null
2024-09-03 22:18:49,412 [WARN] ConditionMgr:1039 - genDependencies : Invalid condition id : UX DEVICE CLASS RTOS Condition cause : null
2024-09-03 22:18:49,412 [WARN] ConditionMgr:1039 - genDependencies : Invalid condition id : UX DEVICE CLASS RTOS Condition cause : null
2024-09-03 22:18:49,415 [WARN] PackLoader:240 - Cannot read IP mode file for STMicroelectronics.FP-SNS-STBOX1.2.0.0
2024-09-03 22:18:49,422 [WARN] PackLoader:240 - Cannot read IP mode file for STMicroelectronics.X-CUBE-SUBG2.5.0.0
2024-09-03 22:18:49,427 [WARN] PackLoader:240 - Cannot read IP mode file for Cesanta.I-CUBE-Mongoose.7.13.0
2024-09-03 22:18:49,434 [WARN] PackLoader:240 - Cannot read IP mode file for STMicroelectronics.X-CUBE-AZRTOS-G4.2.0.0
2024-09-03 22:18:49,437 [WARN] PackLoader:240 - Cannot read IP mode file for STMicroelectronics.X-CUBE-ISPU.2.0.0
2024-09-03 22:18:49,439 [WARN] PackLoader:240 - Cannot read IP mode file for STMicroelectronics.X-CUBE-ALS.1.0.2
2024-09-03 22:18:49,441 [WARN] PackLoader:240 - Cannot read IP mode file for STMicroelectronics.X-CUBE-TOUCHGFX.4.24.0
2024-09-03 22:18:49,442 [WARN] PackLoader:240 - Cannot read IP mode file for wolfSSL.I-CUBE-wolfTPM.3.4.0
2024-09-03 22:18:49,444 [WARN] PackLoader:240 - Cannot read IP mode file for portGmbH.I-Cube-SoM-uGOAL.1.1.0
2024-09-03 22:18:49,453 [WARN] PackLoader:240 - Cannot read IP mode file for STMicroelectronics.X-CUBE-AZRTOS-H7RS.1.0.0
2024-09-03 22:18:49,456 [WARN] PackLoader:240 - Cannot read IP mode file for STMicroelectronics.FP-ATR-ASTRA1.2.0.0
2024-09-03 22:18:49,461 [WARN] PackLoader:240 - Cannot read IP mode file for STMicroelectronics.X-CUBE-TOF1.3.4.2
2024-09-03 22:18:49,476 [WARN] PackLoader:240 - Cannot read IP mode file for Infineon.AIROC-Wi-Fi-Bluetooth-STM32.1.6.1
2024-09-03 22:18:49,479 [WARN] PackLoader:240 - Cannot read IP mode file for wolfSSL.I-CUBE-wolfSSH.1.4.17
2024-09-03 22:18:49,480 [INFO] ThirdParty:978 - Integrity check success = true
2024-09-03 22:18:49,480 [INFO] IntegrityCheckThread:100 - exiting critical section [integrity check]
2024-09-03 22:18:49,480 [INFO] IntegrityCheckThread:103 - End integrity checks thread
2024-09-03 23:37:04,419 [ERROR] LogOutputStream:75 - [STDERR_REDIRECT] 
